2017-10-05 13:21:35,641 INFO [main] o.a.n.b.NotificationServiceManager Successfully loaded the following 0 services: []
2017-10-05 13:21:35,649 INFO [main] org.apache.nifi.bootstrap.RunNiFi Registered no Notification Services for Notification Type NIFI_STARTED
2017-10-05 13:21:35,649 INFO [main] org.apache.nifi.bootstrap.RunNiFi Registered no Notification Services for Notification Type NIFI_STOPPED
2017-10-05 13:21:35,649 INFO [main] org.apache.nifi.bootstrap.RunNiFi Registered no Notification Services for Notification Type NIFI_DIED
2017-10-05 13:21:35,831 INFO [main] org.apache.nifi.bootstrap.Command Starting Apache NiFi...
2017-10-05 13:21:35,832 INFO [main] org.apache.nifi.bootstrap.Command Working Directory: /home/bizruntime/nifi/nifi-1.3.0
2017-10-05 13:21:35,832 INFO [main] org.apache.nifi.bootstrap.Command Command: /usr/lib/jvm/java-8-oracle/bin/java -classpath /home/bizruntime/nifi/nifi-1.3.0/./conf:/home/bizruntime/nifi/nifi-1.3.0/./lib/javax.servlet-api-3.1.0.jar:/home/bizruntime/nifi/nifi-1.3.0/./lib/nifi-framework-api-1.3.0.jar:/home/bizruntime/nifi/nifi-1.3.0/./lib/jcl-over-slf4j-1.7.25.jar:/home/bizruntime/nifi/nifi-1.3.0/./lib/jul-to-slf4j-1.7.25.jar:/home/bizruntime/nifi/nifi-1.3.0/./lib/logback-classic-1.2.3.jar:/home/bizruntime/nifi/nifi-1.3.0/./lib/slf4j-api-1.7.25.jar:/home/bizruntime/nifi/nifi-1.3.0/./lib/nifi-nar-utils-1.3.0.jar:/home/bizruntime/nifi/nifi-1.3.0/./lib/nifi-runtime-1.3.0.jar:/home/bizruntime/nifi/nifi-1.3.0/./lib/logback-core-1.2.3.jar:/home/bizruntime/nifi/nifi-1.3.0/./lib/nifi-properties-1.3.0.jar:/home/bizruntime/nifi/nifi-1.3.0/./lib/log4j-over-slf4j-1.7.25.jar:/home/bizruntime/nifi/nifi-1.3.0/./lib/jetty-schemas-3.1.jar:/home/bizruntime/nifi/nifi-1.3.0/./lib/nifi-api-1.3.0.jar -Dorg.apache.jasper.compiler.disablejsr199=true -Xmx512m -Xms512m -Djava.security.egd=file:/dev/urandom -Dsun.net.http.allowRestrictedHeaders=true -Djava.net.preferIPv4Stack=true -Djava.awt.headless=true -XX:+UseG1GC -Djava.protocol.handler.pkgs=sun.net.www.protocol -Dnifi.properties.file.path=/home/bizruntime/nifi/nifi-1.3.0/./conf/nifi.properties -Dnifi.bootstrap.listen.port=35663 -Dapp=NiFi -Dorg.apache.nifi.bootstrap.config.log.dir=/home/bizruntime/nifi/nifi-1.3.0/logs org.apache.nifi.NiFi 
2017-10-05 13:21:36,186 INFO [main] org.apache.nifi.bootstrap.Command Launched Apache NiFi with Process ID 5485
2017-10-05 13:21:37,968 INFO [NiFi Bootstrap Command Listener] org.apache.nifi.bootstrap.RunNiFi Apache NiFi now running and listening for Bootstrap requests on port 40095
2017-10-05 14:11:08,977 INFO [main] o.a.n.b.NotificationServiceManager Successfully loaded the following 0 services: []
2017-10-05 14:11:08,993 INFO [main] org.apache.nifi.bootstrap.RunNiFi Registered no Notification Services for Notification Type NIFI_STARTED
2017-10-05 14:11:08,993 INFO [main] org.apache.nifi.bootstrap.RunNiFi Registered no Notification Services for Notification Type NIFI_STOPPED
2017-10-05 14:11:08,993 INFO [main] org.apache.nifi.bootstrap.RunNiFi Registered no Notification Services for Notification Type NIFI_DIED
2017-10-05 14:11:10,265 INFO [main] org.apache.nifi.bootstrap.Command Apache NiFi has accepted the Shutdown Command and is shutting down now
2017-10-05 14:11:10,309 INFO [main] org.apache.nifi.bootstrap.Command Waiting for Apache NiFi to finish shutting down...
2017-10-05 14:11:11,735 INFO [main] org.apache.nifi.bootstrap.RunNiFi A shutdown was initiated. Will not restart NiFi
2017-10-05 14:11:12,313 INFO [main] org.apache.nifi.bootstrap.Command NiFi has finished shutting down.
2017-10-05 14:17:44,115 INFO [main] o.a.n.b.NotificationServiceManager Successfully loaded the following 0 services: []
2017-10-05 14:17:44,121 INFO [main] org.apache.nifi.bootstrap.RunNiFi Registered no Notification Services for Notification Type NIFI_STARTED
2017-10-05 14:17:44,121 INFO [main] org.apache.nifi.bootstrap.RunNiFi Registered no Notification Services for Notification Type NIFI_STOPPED
2017-10-05 14:17:44,121 INFO [main] org.apache.nifi.bootstrap.RunNiFi Registered no Notification Services for Notification Type NIFI_DIED
2017-10-05 14:17:44,122 INFO [main] org.apache.nifi.bootstrap.Command Apache NiFi is not currently running
2017-10-05 14:17:47,573 INFO [main] o.a.n.b.NotificationServiceManager Successfully loaded the following 0 services: []
2017-10-05 14:17:47,575 INFO [main] org.apache.nifi.bootstrap.RunNiFi Registered no Notification Services for Notification Type NIFI_STARTED
2017-10-05 14:17:47,575 INFO [main] org.apache.nifi.bootstrap.RunNiFi Registered no Notification Services for Notification Type NIFI_STOPPED
2017-10-05 14:17:47,575 INFO [main] org.apache.nifi.bootstrap.RunNiFi Registered no Notification Services for Notification Type NIFI_DIED
2017-10-05 14:17:47,605 INFO [main] org.apache.nifi.bootstrap.Command Starting Apache NiFi...
2017-10-05 14:17:47,606 INFO [main] org.apache.nifi.bootstrap.Command Working Directory: /home/bizruntime/nifi/nifi-1.3.0
2017-10-05 14:17:47,606 INFO [main] org.apache.nifi.bootstrap.Command Command: /usr/lib/jvm/java-8-oracle/bin/java -classpath /home/bizruntime/nifi/nifi-1.3.0/./conf:/home/bizruntime/nifi/nifi-1.3.0/./lib/javax.servlet-api-3.1.0.jar:/home/bizruntime/nifi/nifi-1.3.0/./lib/nifi-framework-api-1.3.0.jar:/home/bizruntime/nifi/nifi-1.3.0/./lib/jcl-over-slf4j-1.7.25.jar:/home/bizruntime/nifi/nifi-1.3.0/./lib/jul-to-slf4j-1.7.25.jar:/home/bizruntime/nifi/nifi-1.3.0/./lib/logback-classic-1.2.3.jar:/home/bizruntime/nifi/nifi-1.3.0/./lib/slf4j-api-1.7.25.jar:/home/bizruntime/nifi/nifi-1.3.0/./lib/nifi-nar-utils-1.3.0.jar:/home/bizruntime/nifi/nifi-1.3.0/./lib/nifi-runtime-1.3.0.jar:/home/bizruntime/nifi/nifi-1.3.0/./lib/logback-core-1.2.3.jar:/home/bizruntime/nifi/nifi-1.3.0/./lib/nifi-properties-1.3.0.jar:/home/bizruntime/nifi/nifi-1.3.0/./lib/log4j-over-slf4j-1.7.25.jar:/home/bizruntime/nifi/nifi-1.3.0/./lib/jetty-schemas-3.1.jar:/home/bizruntime/nifi/nifi-1.3.0/./lib/nifi-api-1.3.0.jar -Dorg.apache.jasper.compiler.disablejsr199=true -Xmx512m -Xms512m -Djava.security.egd=file:/dev/urandom -Dsun.net.http.allowRestrictedHeaders=true -Djava.net.preferIPv4Stack=true -Djava.awt.headless=true -XX:+UseG1GC -Djava.protocol.handler.pkgs=sun.net.www.protocol -Dnifi.properties.file.path=/home/bizruntime/nifi/nifi-1.3.0/./conf/nifi.properties -Dnifi.bootstrap.listen.port=37710 -Dapp=NiFi -Dorg.apache.nifi.bootstrap.config.log.dir=/home/bizruntime/nifi/nifi-1.3.0/logs org.apache.nifi.NiFi 
2017-10-05 14:17:47,675 INFO [main] org.apache.nifi.bootstrap.Command Launched Apache NiFi with Process ID 7113
2017-10-05 14:17:48,508 INFO [NiFi Bootstrap Command Listener] org.apache.nifi.bootstrap.RunNiFi Apache NiFi now running and listening for Bootstrap requests on port 36887
2017-10-05 14:31:11,541 INFO [main] o.a.n.b.NotificationServiceManager Successfully loaded the following 0 services: []
2017-10-05 14:31:11,546 INFO [main] org.apache.nifi.bootstrap.RunNiFi Registered no Notification Services for Notification Type NIFI_STARTED
2017-10-05 14:31:11,546 INFO [main] org.apache.nifi.bootstrap.RunNiFi Registered no Notification Services for Notification Type NIFI_STOPPED
2017-10-05 14:31:11,546 INFO [main] org.apache.nifi.bootstrap.RunNiFi Registered no Notification Services for Notification Type NIFI_DIED
2017-10-05 14:31:11,567 INFO [main] org.apache.nifi.bootstrap.Command Apache NiFi is already running, listening to Bootstrap on port 36887
2017-10-05 14:55:36,618 INFO [main] o.a.n.b.NotificationServiceManager Successfully loaded the following 0 services: []
2017-10-05 14:55:36,676 INFO [main] org.apache.nifi.bootstrap.RunNiFi Registered no Notification Services for Notification Type NIFI_STARTED
2017-10-05 14:55:36,676 INFO [main] org.apache.nifi.bootstrap.RunNiFi Registered no Notification Services for Notification Type NIFI_STOPPED
2017-10-05 14:55:36,676 INFO [main] org.apache.nifi.bootstrap.RunNiFi Registered no Notification Services for Notification Type NIFI_DIED
2017-10-05 14:55:36,938 INFO [main] org.apache.nifi.bootstrap.Command Apache NiFi is already running, listening to Bootstrap on port 36887
2017-10-05 15:04:18,399 INFO [main] o.a.n.b.NotificationServiceManager Successfully loaded the following 0 services: []
2017-10-05 15:04:18,405 INFO [main] org.apache.nifi.bootstrap.RunNiFi Registered no Notification Services for Notification Type NIFI_STARTED
2017-10-05 15:04:18,405 INFO [main] org.apache.nifi.bootstrap.RunNiFi Registered no Notification Services for Notification Type NIFI_STOPPED
2017-10-05 15:04:18,405 INFO [main] org.apache.nifi.bootstrap.RunNiFi Registered no Notification Services for Notification Type NIFI_DIED
2017-10-05 15:04:18,429 INFO [main] org.apache.nifi.bootstrap.Command Apache NiFi is already running, listening to Bootstrap on port 36887
2017-10-05 17:11:16,701 INFO [main] o.a.n.b.NotificationServiceManager Successfully loaded the following 0 services: []
2017-10-05 17:11:16,724 INFO [main] org.apache.nifi.bootstrap.RunNiFi Registered no Notification Services for Notification Type NIFI_STARTED
2017-10-05 17:11:16,724 INFO [main] org.apache.nifi.bootstrap.RunNiFi Registered no Notification Services for Notification Type NIFI_STOPPED
2017-10-05 17:11:16,724 INFO [main] org.apache.nifi.bootstrap.RunNiFi Registered no Notification Services for Notification Type NIFI_DIED
2017-10-05 17:11:17,419 INFO [main] org.apache.nifi.bootstrap.Command Apache NiFi is already running, listening to Bootstrap on port 36887
2017-10-05 17:22:23,388 INFO [main] o.a.n.b.NotificationServiceManager Successfully loaded the following 0 services: []
2017-10-05 17:22:23,391 INFO [main] org.apache.nifi.bootstrap.RunNiFi Registered no Notification Services for Notification Type NIFI_STARTED
2017-10-05 17:22:23,391 INFO [main] org.apache.nifi.bootstrap.RunNiFi Registered no Notification Services for Notification Type NIFI_STOPPED
2017-10-05 17:22:23,391 INFO [main] org.apache.nifi.bootstrap.RunNiFi Registered no Notification Services for Notification Type NIFI_DIED
2017-10-05 17:22:23,416 INFO [main] org.apache.nifi.bootstrap.Command Apache NiFi is already running, listening to Bootstrap on port 36887
2017-10-05 17:24:35,788 INFO [main] o.a.n.b.NotificationServiceManager Successfully loaded the following 0 services: []
2017-10-05 17:24:35,861 INFO [main] org.apache.nifi.bootstrap.RunNiFi Registered no Notification Services for Notification Type NIFI_STARTED
2017-10-05 17:24:35,861 INFO [main] org.apache.nifi.bootstrap.RunNiFi Registered no Notification Services for Notification Type NIFI_STOPPED
2017-10-05 17:24:35,861 INFO [main] org.apache.nifi.bootstrap.RunNiFi Registered no Notification Services for Notification Type NIFI_DIED
2017-10-05 17:24:36,058 INFO [main] org.apache.nifi.bootstrap.Command Apache NiFi is already running, listening to Bootstrap on port 36887
2017-10-05 17:25:50,012 INFO [main] o.a.n.b.NotificationServiceManager Successfully loaded the following 0 services: []
2017-10-05 17:25:50,015 INFO [main] org.apache.nifi.bootstrap.RunNiFi Registered no Notification Services for Notification Type NIFI_STARTED
2017-10-05 17:25:50,015 INFO [main] org.apache.nifi.bootstrap.RunNiFi Registered no Notification Services for Notification Type NIFI_STOPPED
2017-10-05 17:25:50,015 INFO [main] org.apache.nifi.bootstrap.RunNiFi Registered no Notification Services for Notification Type NIFI_DIED
2017-10-05 17:25:50,028 INFO [main] org.apache.nifi.bootstrap.Command Apache NiFi is currently running, listening to Bootstrap on port 36887, PID=7113
2017-10-05 17:36:21,130 INFO [main] o.a.n.b.NotificationServiceManager Successfully loaded the following 0 services: []
2017-10-05 17:36:21,134 INFO [main] org.apache.nifi.bootstrap.RunNiFi Registered no Notification Services for Notification Type NIFI_STARTED
2017-10-05 17:36:21,134 INFO [main] org.apache.nifi.bootstrap.RunNiFi Registered no Notification Services for Notification Type NIFI_STOPPED
2017-10-05 17:36:21,134 INFO [main] org.apache.nifi.bootstrap.RunNiFi Registered no Notification Services for Notification Type NIFI_DIED
2017-10-05 17:36:30,307 INFO [main] org.apache.nifi.bootstrap.Command Apache NiFi has accepted the Shutdown Command and is shutting down now
2017-10-05 17:36:30,403 INFO [main] org.apache.nifi.bootstrap.Command Waiting for Apache NiFi to finish shutting down...
2017-10-05 17:36:31,247 INFO [main] org.apache.nifi.bootstrap.RunNiFi A shutdown was initiated. Will not restart NiFi
2017-10-05 17:36:32,407 INFO [main] org.apache.nifi.bootstrap.Command NiFi has finished shutting down.
2017-10-05 17:40:14,763 INFO [main] o.a.n.b.NotificationServiceManager Successfully loaded the following 0 services: []
2017-10-05 17:40:14,770 INFO [main] org.apache.nifi.bootstrap.RunNiFi Registered no Notification Services for Notification Type NIFI_STARTED
2017-10-05 17:40:14,770 INFO [main] org.apache.nifi.bootstrap.RunNiFi Registered no Notification Services for Notification Type NIFI_STOPPED
2017-10-05 17:40:14,770 INFO [main] org.apache.nifi.bootstrap.RunNiFi Registered no Notification Services for Notification Type NIFI_DIED
2017-10-05 17:40:14,772 INFO [main] org.apache.nifi.bootstrap.Command Apache NiFi is not running
2017-10-05 17:40:22,790 INFO [main] o.a.n.b.NotificationServiceManager Successfully loaded the following 0 services: []
2017-10-05 17:40:22,798 INFO [main] org.apache.nifi.bootstrap.RunNiFi Registered no Notification Services for Notification Type NIFI_STARTED
2017-10-05 17:40:22,798 INFO [main] org.apache.nifi.bootstrap.RunNiFi Registered no Notification Services for Notification Type NIFI_STOPPED
2017-10-05 17:40:22,798 INFO [main] org.apache.nifi.bootstrap.RunNiFi Registered no Notification Services for Notification Type NIFI_DIED
2017-10-05 17:40:22,842 INFO [main] org.apache.nifi.bootstrap.Command Starting Apache NiFi...
2017-10-05 17:40:22,843 INFO [main] org.apache.nifi.bootstrap.Command Working Directory: /home/bizruntime/nifi/nifi-1.3.0
2017-10-05 17:40:22,843 INFO [main] org.apache.nifi.bootstrap.Command Command: /usr/lib/jvm/java-8-oracle/bin/java -classpath /home/bizruntime/nifi/nifi-1.3.0/./conf:/home/bizruntime/nifi/nifi-1.3.0/./lib/javax.servlet-api-3.1.0.jar:/home/bizruntime/nifi/nifi-1.3.0/./lib/nifi-framework-api-1.3.0.jar:/home/bizruntime/nifi/nifi-1.3.0/./lib/jcl-over-slf4j-1.7.25.jar:/home/bizruntime/nifi/nifi-1.3.0/./lib/jul-to-slf4j-1.7.25.jar:/home/bizruntime/nifi/nifi-1.3.0/./lib/logback-classic-1.2.3.jar:/home/bizruntime/nifi/nifi-1.3.0/./lib/slf4j-api-1.7.25.jar:/home/bizruntime/nifi/nifi-1.3.0/./lib/nifi-nar-utils-1.3.0.jar:/home/bizruntime/nifi/nifi-1.3.0/./lib/nifi-runtime-1.3.0.jar:/home/bizruntime/nifi/nifi-1.3.0/./lib/logback-core-1.2.3.jar:/home/bizruntime/nifi/nifi-1.3.0/./lib/nifi-properties-1.3.0.jar:/home/bizruntime/nifi/nifi-1.3.0/./lib/log4j-over-slf4j-1.7.25.jar:/home/bizruntime/nifi/nifi-1.3.0/./lib/jetty-schemas-3.1.jar:/home/bizruntime/nifi/nifi-1.3.0/./lib/nifi-api-1.3.0.jar -Dorg.apache.jasper.compiler.disablejsr199=true -Xmx512m -Xms512m -Djava.security.egd=file:/dev/urandom -Dsun.net.http.allowRestrictedHeaders=true -Djava.net.preferIPv4Stack=true -Djava.awt.headless=true -XX:+UseG1GC -Djava.protocol.handler.pkgs=sun.net.www.protocol -Dnifi.properties.file.path=/home/bizruntime/nifi/nifi-1.3.0/./conf/nifi.properties -Dnifi.bootstrap.listen.port=33199 -Dapp=NiFi -Dorg.apache.nifi.bootstrap.config.log.dir=/home/bizruntime/nifi/nifi-1.3.0/logs org.apache.nifi.NiFi 
2017-10-05 17:40:22,914 INFO [main] org.apache.nifi.bootstrap.Command Launched Apache NiFi with Process ID 15160
2017-10-05 17:40:23,857 INFO [NiFi Bootstrap Command Listener] org.apache.nifi.bootstrap.RunNiFi Apache NiFi now running and listening for Bootstrap requests on port 38024
2017-10-05 17:41:06,004 ERROR [NiFi logging handler] org.apache.nifi.StdErr Failed to start web server: No space left on device
2017-10-05 17:41:06,004 ERROR [NiFi logging handler] org.apache.nifi.StdErr Shutting down...
2017-10-05 17:41:06,922 INFO [main] org.apache.nifi.bootstrap.RunNiFi NiFi never started. Will not restart NiFi
2017-10-05 17:44:04,373 INFO [main] o.a.n.b.NotificationServiceManager Successfully loaded the following 0 services: []
2017-10-05 17:44:04,379 INFO [main] org.apache.nifi.bootstrap.RunNiFi Registered no Notification Services for Notification Type NIFI_STARTED
2017-10-05 17:44:04,379 INFO [main] org.apache.nifi.bootstrap.RunNiFi Registered no Notification Services for Notification Type NIFI_STOPPED
2017-10-05 17:44:04,379 INFO [main] org.apache.nifi.bootstrap.RunNiFi Registered no Notification Services for Notification Type NIFI_DIED
2017-10-05 17:44:04,439 INFO [main] org.apache.nifi.bootstrap.Command Starting Apache NiFi...
2017-10-05 17:44:04,439 INFO [main] org.apache.nifi.bootstrap.Command Working Directory: /home/bizruntime/nifi/nifi-1.3.0
2017-10-05 17:44:04,439 INFO [main] org.apache.nifi.bootstrap.Command Command: /usr/lib/jvm/java-8-oracle/bin/java -classpath /home/bizruntime/nifi/nifi-1.3.0/./conf:/home/bizruntime/nifi/nifi-1.3.0/./lib/javax.servlet-api-3.1.0.jar:/home/bizruntime/nifi/nifi-1.3.0/./lib/nifi-framework-api-1.3.0.jar:/home/bizruntime/nifi/nifi-1.3.0/./lib/jcl-over-slf4j-1.7.25.jar:/home/bizruntime/nifi/nifi-1.3.0/./lib/jul-to-slf4j-1.7.25.jar:/home/bizruntime/nifi/nifi-1.3.0/./lib/logback-classic-1.2.3.jar:/home/bizruntime/nifi/nifi-1.3.0/./lib/slf4j-api-1.7.25.jar:/home/bizruntime/nifi/nifi-1.3.0/./lib/nifi-nar-utils-1.3.0.jar:/home/bizruntime/nifi/nifi-1.3.0/./lib/nifi-runtime-1.3.0.jar:/home/bizruntime/nifi/nifi-1.3.0/./lib/logback-core-1.2.3.jar:/home/bizruntime/nifi/nifi-1.3.0/./lib/nifi-properties-1.3.0.jar:/home/bizruntime/nifi/nifi-1.3.0/./lib/log4j-over-slf4j-1.7.25.jar:/home/bizruntime/nifi/nifi-1.3.0/./lib/jetty-schemas-3.1.jar:/home/bizruntime/nifi/nifi-1.3.0/./lib/nifi-api-1.3.0.jar -Dorg.apache.jasper.compiler.disablejsr199=true -Xmx512m -Xms512m -Djava.security.egd=file:/dev/urandom -Dsun.net.http.allowRestrictedHeaders=true -Djava.net.preferIPv4Stack=true -Djava.awt.headless=true -XX:+UseG1GC -Djava.protocol.handler.pkgs=sun.net.www.protocol -Dnifi.properties.file.path=/home/bizruntime/nifi/nifi-1.3.0/./conf/nifi.properties -Dnifi.bootstrap.listen.port=42697 -Dapp=NiFi -Dorg.apache.nifi.bootstrap.config.log.dir=/home/bizruntime/nifi/nifi-1.3.0/logs org.apache.nifi.NiFi 
2017-10-05 17:44:04,479 INFO [main] org.apache.nifi.bootstrap.Command Launched Apache NiFi with Process ID 15295
2017-10-05 17:44:05,306 INFO [NiFi Bootstrap Command Listener] org.apache.nifi.bootstrap.RunNiFi Apache NiFi now running and listening for Bootstrap requests on port 37874
2017-10-05 18:14:36,978 INFO [main] o.a.n.b.NotificationServiceManager Successfully loaded the following 0 services: []
2017-10-05 18:14:37,006 INFO [main] org.apache.nifi.bootstrap.RunNiFi Registered no Notification Services for Notification Type NIFI_STARTED
2017-10-05 18:14:37,006 INFO [main] org.apache.nifi.bootstrap.RunNiFi Registered no Notification Services for Notification Type NIFI_STOPPED
2017-10-05 18:14:37,006 INFO [main] org.apache.nifi.bootstrap.RunNiFi Registered no Notification Services for Notification Type NIFI_DIED
2017-10-05 18:14:38,161 INFO [main] org.apache.nifi.bootstrap.Command Apache NiFi has accepted the Shutdown Command and is shutting down now
2017-10-05 18:14:38,203 INFO [main] org.apache.nifi.bootstrap.Command Waiting for Apache NiFi to finish shutting down...
2017-10-05 18:14:40,207 INFO [main] org.apache.nifi.bootstrap.Command Waiting for Apache NiFi to finish shutting down...
2017-10-05 18:14:42,210 INFO [main] org.apache.nifi.bootstrap.Command Waiting for Apache NiFi to finish shutting down...
2017-10-05 18:14:44,213 INFO [main] org.apache.nifi.bootstrap.Command Waiting for Apache NiFi to finish shutting down...
2017-10-05 18:14:46,217 INFO [main] org.apache.nifi.bootstrap.Command Waiting for Apache NiFi to finish shutting down...
2017-10-05 18:14:48,220 INFO [main] org.apache.nifi.bootstrap.Command Waiting for Apache NiFi to finish shutting down...
2017-10-05 18:14:50,227 INFO [main] org.apache.nifi.bootstrap.Command Waiting for Apache NiFi to finish shutting down...
2017-10-05 18:14:52,231 INFO [main] org.apache.nifi.bootstrap.Command Waiting for Apache NiFi to finish shutting down...
2017-10-05 18:14:54,234 INFO [main] org.apache.nifi.bootstrap.Command Waiting for Apache NiFi to finish shutting down...
2017-10-05 18:14:56,237 INFO [main] org.apache.nifi.bootstrap.Command Waiting for Apache NiFi to finish shutting down...
2017-10-05 18:14:58,241 INFO [main] org.apache.nifi.bootstrap.Command Waiting for Apache NiFi to finish shutting down...
2017-10-05 18:14:58,244 WARN [main] org.apache.nifi.bootstrap.Command NiFi has not finished shutting down after 20 seconds. Killing process.
2017-10-05 18:14:58,257 INFO [main] org.apache.nifi.bootstrap.Command NiFi has finished shutting down.
2017-10-05 18:14:58,806 INFO [main] org.apache.nifi.bootstrap.RunNiFi Status File no longer exists. Will not restart NiFi
2017-10-05 18:15:01,831 INFO [main] o.a.n.b.NotificationServiceManager Successfully loaded the following 0 services: []
2017-10-05 18:15:01,837 INFO [main] org.apache.nifi.bootstrap.RunNiFi Registered no Notification Services for Notification Type NIFI_STARTED
2017-10-05 18:15:01,837 INFO [main] org.apache.nifi.bootstrap.RunNiFi Registered no Notification Services for Notification Type NIFI_STOPPED
2017-10-05 18:15:01,837 INFO [main] org.apache.nifi.bootstrap.RunNiFi Registered no Notification Services for Notification Type NIFI_DIED
2017-10-05 18:15:01,865 INFO [main] org.apache.nifi.bootstrap.Command Starting Apache NiFi...
2017-10-05 18:15:01,866 INFO [main] org.apache.nifi.bootstrap.Command Working Directory: /home/bizruntime/nifi/nifi-1.3.0
2017-10-05 18:15:01,866 INFO [main] org.apache.nifi.bootstrap.Command Command: /usr/lib/jvm/java-8-oracle/bin/java -classpath /home/bizruntime/nifi/nifi-1.3.0/./conf:/home/bizruntime/nifi/nifi-1.3.0/./lib/javax.servlet-api-3.1.0.jar:/home/bizruntime/nifi/nifi-1.3.0/./lib/nifi-framework-api-1.3.0.jar:/home/bizruntime/nifi/nifi-1.3.0/./lib/jcl-over-slf4j-1.7.25.jar:/home/bizruntime/nifi/nifi-1.3.0/./lib/jul-to-slf4j-1.7.25.jar:/home/bizruntime/nifi/nifi-1.3.0/./lib/logback-classic-1.2.3.jar:/home/bizruntime/nifi/nifi-1.3.0/./lib/slf4j-api-1.7.25.jar:/home/bizruntime/nifi/nifi-1.3.0/./lib/nifi-nar-utils-1.3.0.jar:/home/bizruntime/nifi/nifi-1.3.0/./lib/nifi-runtime-1.3.0.jar:/home/bizruntime/nifi/nifi-1.3.0/./lib/logback-core-1.2.3.jar:/home/bizruntime/nifi/nifi-1.3.0/./lib/nifi-properties-1.3.0.jar:/home/bizruntime/nifi/nifi-1.3.0/./lib/log4j-over-slf4j-1.7.25.jar:/home/bizruntime/nifi/nifi-1.3.0/./lib/jetty-schemas-3.1.jar:/home/bizruntime/nifi/nifi-1.3.0/./lib/nifi-api-1.3.0.jar -Dorg.apache.jasper.compiler.disablejsr199=true -Xmx512m -Xms512m -Djava.security.egd=file:/dev/urandom -Dsun.net.http.allowRestrictedHeaders=true -Djava.net.preferIPv4Stack=true -Djava.awt.headless=true -XX:+UseG1GC -Djava.protocol.handler.pkgs=sun.net.www.protocol -Dnifi.properties.file.path=/home/bizruntime/nifi/nifi-1.3.0/./conf/nifi.properties -Dnifi.bootstrap.listen.port=45588 -Dapp=NiFi -Dorg.apache.nifi.bootstrap.config.log.dir=/home/bizruntime/nifi/nifi-1.3.0/logs org.apache.nifi.NiFi 
2017-10-05 18:15:02,318 INFO [main] org.apache.nifi.bootstrap.Command Launched Apache NiFi with Process ID 16108
2017-10-05 18:15:03,385 INFO [NiFi Bootstrap Command Listener] org.apache.nifi.bootstrap.RunNiFi Apache NiFi now running and listening for Bootstrap requests on port 40794
