2017-10-18 20:00:01,648 INFO [Clustering Tasks Thread-1] o.a.n.c.c.ClusterProtocolHeartbeater Heartbeat created at 2017-10-18 20:00:01,584 and sent to node-1:9999 at 2017-10-18 20:00:01,648; send took 64 millis
2017-10-18 20:00:06,711 INFO [Clustering Tasks Thread-2] o.a.n.c.c.ClusterProtocolHeartbeater Heartbeat created at 2017-10-18 20:00:06,649 and sent to node-1:9999 at 2017-10-18 20:00:06,711; send took 61 millis
2017-10-18 20:00:11,775 INFO [Clustering Tasks Thread-3] o.a.n.c.c.ClusterProtocolHeartbeater Heartbeat created at 2017-10-18 20:00:11,712 and sent to node-1:9999 at 2017-10-18 20:00:11,775; send took 63 millis
2017-10-18 20:00:16,835 INFO [Clustering Tasks Thread-1] o.a.n.c.c.ClusterProtocolHeartbeater Heartbeat created at 2017-10-18 20:00:16,775 and sent to node-1:9999 at 2017-10-18 20:00:16,835; send took 59 millis
2017-10-18 20:00:21,895 INFO [Clustering Tasks Thread-2] o.a.n.c.c.ClusterProtocolHeartbeater Heartbeat created at 2017-10-18 20:00:21,835 and sent to node-1:9999 at 2017-10-18 20:00:21,895; send took 59 millis
2017-10-18 20:00:26,955 INFO [Clustering Tasks Thread-3] o.a.n.c.c.ClusterProtocolHeartbeater Heartbeat created at 2017-10-18 20:00:26,895 and sent to node-1:9999 at 2017-10-18 20:00:26,955; send took 59 millis
2017-10-18 20:00:32,027 INFO [Clustering Tasks Thread-1] o.a.n.c.c.ClusterProtocolHeartbeater Heartbeat created at 2017-10-18 20:00:31,967 and sent to node-1:9999 at 2017-10-18 20:00:32,027; send took 59 millis
2017-10-18 20:00:37,087 INFO [Clustering Tasks Thread-2] o.a.n.c.c.ClusterProtocolHeartbeater Heartbeat created at 2017-10-18 20:00:37,027 and sent to node-1:9999 at 2017-10-18 20:00:37,087; send took 59 millis
2017-10-18 20:00:42,147 INFO [Clustering Tasks Thread-3] o.a.n.c.c.ClusterProtocolHeartbeater Heartbeat created at 2017-10-18 20:00:42,087 and sent to node-1:9999 at 2017-10-18 20:00:42,147; send took 59 millis
2017-10-18 20:00:47,207 INFO [Clustering Tasks Thread-1] o.a.n.c.c.ClusterProtocolHeartbeater Heartbeat created at 2017-10-18 20:00:47,148 and sent to node-1:9999 at 2017-10-18 20:00:47,207; send took 59 millis
2017-10-18 20:00:52,271 INFO [Clustering Tasks Thread-2] o.a.n.c.c.ClusterProtocolHeartbeater Heartbeat created at 2017-10-18 20:00:52,208 and sent to node-1:9999 at 2017-10-18 20:00:52,271; send took 63 millis
2017-10-18 20:00:53,574 INFO [pool-12-thread-1] o.a.n.c.r.WriteAheadFlowFileRepository Initiating checkpoint of FlowFile Repository
2017-10-18 20:00:53,605 INFO [pool-12-thread-1] org.wali.MinimalLockingWriteAheadLog org.wali.MinimalLockingWriteAheadLog@7e389cd6 checkpointed with 0 Records and 0 Swap Files in 30 milliseconds (Stop-the-world time = 16 milliseconds, Clear Edit Logs time = 9 millis), max Transaction ID -1
2017-10-18 20:00:53,605 INFO [pool-12-thread-1] o.a.n.c.r.WriteAheadFlowFileRepository Successfully checkpointed FlowFile Repository with 0 records in 30 milliseconds
2017-10-18 20:00:57,343 INFO [Clustering Tasks Thread-3] o.a.n.c.c.ClusterProtocolHeartbeater Heartbeat created at 2017-10-18 20:00:57,272 and sent to node-1:9999 at 2017-10-18 20:00:57,343; send took 71 millis
2017-10-18 20:01:02,403 INFO [Clustering Tasks Thread-1] o.a.n.c.c.ClusterProtocolHeartbeater Heartbeat created at 2017-10-18 20:01:02,343 and sent to node-1:9999 at 2017-10-18 20:01:02,403; send took 59 millis
2017-10-18 20:01:07,467 INFO [Clustering Tasks Thread-2] o.a.n.c.c.ClusterProtocolHeartbeater Heartbeat created at 2017-10-18 20:01:07,403 and sent to node-1:9999 at 2017-10-18 20:01:07,467; send took 63 millis
2017-10-18 20:01:12,527 INFO [Clustering Tasks Thread-3] o.a.n.c.c.ClusterProtocolHeartbeater Heartbeat created at 2017-10-18 20:01:12,468 and sent to node-1:9999 at 2017-10-18 20:01:12,527; send took 59 millis
2017-10-18 20:01:17,819 INFO [Clustering Tasks Thread-1] o.a.n.c.c.ClusterProtocolHeartbeater Heartbeat created at 2017-10-18 20:01:17,527 and sent to node-1:9999 at 2017-10-18 20:01:17,819; send took 291 millis
2017-10-18 20:01:22,963 INFO [Clustering Tasks Thread-2] o.a.n.c.c.ClusterProtocolHeartbeater Heartbeat created at 2017-10-18 20:01:22,903 and sent to node-1:9999 at 2017-10-18 20:01:22,963; send took 59 millis
2017-10-18 20:01:28,031 INFO [Clustering Tasks Thread-3] o.a.n.c.c.ClusterProtocolHeartbeater Heartbeat created at 2017-10-18 20:01:27,971 and sent to node-1:9999 at 2017-10-18 20:01:28,031; send took 59 millis
2017-10-18 20:01:31,498 INFO [Write-Ahead Local State Provider Maintenance] org.wali.MinimalLockingWriteAheadLog org.wali.MinimalLockingWriteAheadLog@470fc16c checkpointed with 34 Records and 0 Swap Files in 2 milliseconds (Stop-the-world time = 0 milliseconds, Clear Edit Logs time = 0 millis), max Transaction ID 82
2017-10-18 20:01:33,091 INFO [Clustering Tasks Thread-1] o.a.n.c.c.ClusterProtocolHeartbeater Heartbeat created at 2017-10-18 20:01:33,032 and sent to node-1:9999 at 2017-10-18 20:01:33,091; send took 59 millis
2017-10-18 20:01:38,151 INFO [Clustering Tasks Thread-2] o.a.n.c.c.ClusterProtocolHeartbeater Heartbeat created at 2017-10-18 20:01:38,091 and sent to node-1:9999 at 2017-10-18 20:01:38,151; send took 59 millis
2017-10-18 20:01:43,211 INFO [Clustering Tasks Thread-3] o.a.n.c.c.ClusterProtocolHeartbeater Heartbeat created at 2017-10-18 20:01:43,151 and sent to node-1:9999 at 2017-10-18 20:01:43,211; send took 59 millis
2017-10-18 20:01:48,271 INFO [Clustering Tasks Thread-1] o.a.n.c.c.ClusterProtocolHeartbeater Heartbeat created at 2017-10-18 20:01:48,212 and sent to node-1:9999 at 2017-10-18 20:01:48,271; send took 59 millis
2017-10-18 20:01:53,331 INFO [Clustering Tasks Thread-2] o.a.n.c.c.ClusterProtocolHeartbeater Heartbeat created at 2017-10-18 20:01:53,271 and sent to node-1:9999 at 2017-10-18 20:01:53,331; send took 59 millis
2017-10-18 20:01:58,391 INFO [Clustering Tasks Thread-3] o.a.n.c.c.ClusterProtocolHeartbeater Heartbeat created at 2017-10-18 20:01:58,332 and sent to node-1:9999 at 2017-10-18 20:01:58,391; send took 59 millis
2017-10-18 20:02:03,451 INFO [Clustering Tasks Thread-1] o.a.n.c.c.ClusterProtocolHeartbeater Heartbeat created at 2017-10-18 20:02:03,392 and sent to node-1:9999 at 2017-10-18 20:02:03,451; send took 58 millis
2017-10-18 20:02:08,511 INFO [Clustering Tasks Thread-2] o.a.n.c.c.ClusterProtocolHeartbeater Heartbeat created at 2017-10-18 20:02:08,451 and sent to node-1:9999 at 2017-10-18 20:02:08,511; send took 59 millis
2017-10-18 20:02:13,571 INFO [Clustering Tasks Thread-3] o.a.n.c.c.ClusterProtocolHeartbeater Heartbeat created at 2017-10-18 20:02:13,512 and sent to node-1:9999 at 2017-10-18 20:02:13,571; send took 59 millis
2017-10-18 20:02:18,631 INFO [Clustering Tasks Thread-1] o.a.n.c.c.ClusterProtocolHeartbeater Heartbeat created at 2017-10-18 20:02:18,572 and sent to node-1:9999 at 2017-10-18 20:02:18,631; send took 59 millis
2017-10-18 20:02:23,691 INFO [Clustering Tasks Thread-2] o.a.n.c.c.ClusterProtocolHeartbeater Heartbeat created at 2017-10-18 20:02:23,632 and sent to node-1:9999 at 2017-10-18 20:02:23,691; send took 59 millis
2017-10-18 20:02:28,751 INFO [Clustering Tasks Thread-3] o.a.n.c.c.ClusterProtocolHeartbeater Heartbeat created at 2017-10-18 20:02:28,691 and sent to node-1:9999 at 2017-10-18 20:02:28,751; send took 59 millis
2017-10-18 20:02:33,811 INFO [Clustering Tasks Thread-1] o.a.n.c.c.ClusterProtocolHeartbeater Heartbeat created at 2017-10-18 20:02:33,751 and sent to node-1:9999 at 2017-10-18 20:02:33,811; send took 59 millis
2017-10-18 20:02:38,871 INFO [Clustering Tasks Thread-2] o.a.n.c.c.ClusterProtocolHeartbeater Heartbeat created at 2017-10-18 20:02:38,812 and sent to node-1:9999 at 2017-10-18 20:02:38,871; send took 58 millis
2017-10-18 20:02:43,931 INFO [Clustering Tasks Thread-3] o.a.n.c.c.ClusterProtocolHeartbeater Heartbeat created at 2017-10-18 20:02:43,871 and sent to node-1:9999 at 2017-10-18 20:02:43,931; send took 59 millis
2017-10-18 20:02:48,991 INFO [Clustering Tasks Thread-1] o.a.n.c.c.ClusterProtocolHeartbeater Heartbeat created at 2017-10-18 20:02:48,931 and sent to node-1:9999 at 2017-10-18 20:02:48,991; send took 59 millis
2017-10-18 20:02:53,605 INFO [pool-12-thread-1] o.a.n.c.r.WriteAheadFlowFileRepository Initiating checkpoint of FlowFile Repository
2017-10-18 20:02:53,645 INFO [pool-12-thread-1] org.wali.MinimalLockingWriteAheadLog org.wali.MinimalLockingWriteAheadLog@7e389cd6 checkpointed with 0 Records and 0 Swap Files in 39 milliseconds (Stop-the-world time = 16 milliseconds, Clear Edit Logs time = 18 millis), max Transaction ID -1
2017-10-18 20:02:53,645 INFO [pool-12-thread-1] o.a.n.c.r.WriteAheadFlowFileRepository Successfully checkpointed FlowFile Repository with 0 records in 39 milliseconds
2017-10-18 20:02:54,051 INFO [Clustering Tasks Thread-2] o.a.n.c.c.ClusterProtocolHeartbeater Heartbeat created at 2017-10-18 20:02:53,992 and sent to node-1:9999 at 2017-10-18 20:02:54,051; send took 59 millis
2017-10-18 20:02:59,111 INFO [Clustering Tasks Thread-3] o.a.n.c.c.ClusterProtocolHeartbeater Heartbeat created at 2017-10-18 20:02:59,051 and sent to node-1:9999 at 2017-10-18 20:02:59,111; send took 59 millis
2017-10-18 20:03:04,171 INFO [Clustering Tasks Thread-1] o.a.n.c.c.ClusterProtocolHeartbeater Heartbeat created at 2017-10-18 20:03:04,111 and sent to node-1:9999 at 2017-10-18 20:03:04,171; send took 59 millis
2017-10-18 20:03:09,231 INFO [Clustering Tasks Thread-2] o.a.n.c.c.ClusterProtocolHeartbeater Heartbeat created at 2017-10-18 20:03:09,171 and sent to node-1:9999 at 2017-10-18 20:03:09,231; send took 59 millis
2017-10-18 20:03:14,291 INFO [Clustering Tasks Thread-3] o.a.n.c.c.ClusterProtocolHeartbeater Heartbeat created at 2017-10-18 20:03:14,231 and sent to node-1:9999 at 2017-10-18 20:03:14,291; send took 59 millis
2017-10-18 20:03:19,351 INFO [Clustering Tasks Thread-1] o.a.n.c.c.ClusterProtocolHeartbeater Heartbeat created at 2017-10-18 20:03:19,291 and sent to node-1:9999 at 2017-10-18 20:03:19,351; send took 59 millis
2017-10-18 20:03:24,415 INFO [Clustering Tasks Thread-2] o.a.n.c.c.ClusterProtocolHeartbeater Heartbeat created at 2017-10-18 20:03:24,352 and sent to node-1:9999 at 2017-10-18 20:03:24,415; send took 63 millis
2017-10-18 20:03:29,536 INFO [Clustering Tasks Thread-3] o.a.n.c.c.ClusterProtocolHeartbeater Heartbeat created at 2017-10-18 20:03:29,416 and sent to node-1:9999 at 2017-10-18 20:03:29,536; send took 120 millis
2017-10-18 20:03:31,501 INFO [Write-Ahead Local State Provider Maintenance] org.wali.MinimalLockingWriteAheadLog org.wali.MinimalLockingWriteAheadLog@470fc16c checkpointed with 34 Records and 0 Swap Files in 2 milliseconds (Stop-the-world time = 0 milliseconds, Clear Edit Logs time = 0 millis), max Transaction ID 82
2017-10-18 20:03:34,599 INFO [Clustering Tasks Thread-1] o.a.n.c.c.ClusterProtocolHeartbeater Heartbeat created at 2017-10-18 20:03:34,537 and sent to node-1:9999 at 2017-10-18 20:03:34,599; send took 61 millis
2017-10-18 20:03:39,659 INFO [Clustering Tasks Thread-2] o.a.n.c.c.ClusterProtocolHeartbeater Heartbeat created at 2017-10-18 20:03:39,599 and sent to node-1:9999 at 2017-10-18 20:03:39,659; send took 59 millis
2017-10-18 20:03:44,719 INFO [Clustering Tasks Thread-3] o.a.n.c.c.ClusterProtocolHeartbeater Heartbeat created at 2017-10-18 20:03:44,659 and sent to node-1:9999 at 2017-10-18 20:03:44,719; send took 59 millis
2017-10-18 20:03:49,779 INFO [Clustering Tasks Thread-1] o.a.n.c.c.ClusterProtocolHeartbeater Heartbeat created at 2017-10-18 20:03:49,720 and sent to node-1:9999 at 2017-10-18 20:03:49,779; send took 59 millis
2017-10-18 20:03:54,843 INFO [Clustering Tasks Thread-2] o.a.n.c.c.ClusterProtocolHeartbeater Heartbeat created at 2017-10-18 20:03:54,780 and sent to node-1:9999 at 2017-10-18 20:03:54,843; send took 63 millis
2017-10-18 20:03:59,966 INFO [Clustering Tasks Thread-3] o.a.n.c.c.ClusterProtocolHeartbeater Heartbeat created at 2017-10-18 20:03:59,844 and sent to node-1:9999 at 2017-10-18 20:03:59,966; send took 121 millis
2017-10-18 20:04:05,031 INFO [Clustering Tasks Thread-1] o.a.n.c.c.ClusterProtocolHeartbeater Heartbeat created at 2017-10-18 20:04:04,966 and sent to node-1:9999 at 2017-10-18 20:04:05,031; send took 65 millis
2017-10-18 20:04:10,099 INFO [Clustering Tasks Thread-2] o.a.n.c.c.ClusterProtocolHeartbeater Heartbeat created at 2017-10-18 20:04:10,032 and sent to node-1:9999 at 2017-10-18 20:04:10,099; send took 67 millis
2017-10-18 20:04:15,167 INFO [Clustering Tasks Thread-3] o.a.n.c.c.ClusterProtocolHeartbeater Heartbeat created at 2017-10-18 20:04:15,100 and sent to node-1:9999 at 2017-10-18 20:04:15,167; send took 66 millis
2017-10-18 20:04:20,227 INFO [Clustering Tasks Thread-1] o.a.n.c.c.ClusterProtocolHeartbeater Heartbeat created at 2017-10-18 20:04:20,168 and sent to node-1:9999 at 2017-10-18 20:04:20,227; send took 59 millis
2017-10-18 20:04:25,295 INFO [Clustering Tasks Thread-2] o.a.n.c.c.ClusterProtocolHeartbeater Heartbeat created at 2017-10-18 20:04:25,228 and sent to node-1:9999 at 2017-10-18 20:04:25,295; send took 67 millis
2017-10-18 20:04:30,371 INFO [Clustering Tasks Thread-3] o.a.n.c.c.ClusterProtocolHeartbeater Heartbeat created at 2017-10-18 20:04:30,296 and sent to node-1:9999 at 2017-10-18 20:04:30,371; send took 75 millis
2017-10-18 20:04:35,437 INFO [Clustering Tasks Thread-1] o.a.n.c.c.ClusterProtocolHeartbeater Heartbeat created at 2017-10-18 20:04:35,372 and sent to node-1:9999 at 2017-10-18 20:04:35,437; send took 65 millis
2017-10-18 20:04:40,503 INFO [Clustering Tasks Thread-2] o.a.n.c.c.ClusterProtocolHeartbeater Heartbeat created at 2017-10-18 20:04:40,438 and sent to node-1:9999 at 2017-10-18 20:04:40,503; send took 65 millis
2017-10-18 20:04:45,567 INFO [Clustering Tasks Thread-3] o.a.n.c.c.ClusterProtocolHeartbeater Heartbeat created at 2017-10-18 20:04:45,504 and sent to node-1:9999 at 2017-10-18 20:04:45,567; send took 63 millis
2017-10-18 20:04:50,627 INFO [Clustering Tasks Thread-1] o.a.n.c.c.ClusterProtocolHeartbeater Heartbeat created at 2017-10-18 20:04:50,569 and sent to node-1:9999 at 2017-10-18 20:04:50,627; send took 57 millis
2017-10-18 20:04:53,645 INFO [pool-12-thread-1] o.a.n.c.r.WriteAheadFlowFileRepository Initiating checkpoint of FlowFile Repository
2017-10-18 20:04:53,684 INFO [pool-12-thread-1] org.wali.MinimalLockingWriteAheadLog org.wali.MinimalLockingWriteAheadLog@7e389cd6 checkpointed with 0 Records and 0 Swap Files in 38 milliseconds (Stop-the-world time = 24 milliseconds, Clear Edit Logs time = 9 millis), max Transaction ID -1
2017-10-18 20:04:53,684 INFO [pool-12-thread-1] o.a.n.c.r.WriteAheadFlowFileRepository Successfully checkpointed FlowFile Repository with 0 records in 38 milliseconds
2017-10-18 20:04:55,691 INFO [Clustering Tasks Thread-2] o.a.n.c.c.ClusterProtocolHeartbeater Heartbeat created at 2017-10-18 20:04:55,627 and sent to node-1:9999 at 2017-10-18 20:04:55,691; send took 63 millis
2017-10-18 20:05:00,755 INFO [Clustering Tasks Thread-2] o.a.n.c.c.ClusterProtocolHeartbeater Heartbeat created at 2017-10-18 20:05:00,691 and sent to node-1:9999 at 2017-10-18 20:05:00,755; send took 63 millis
2017-10-18 20:05:05,815 INFO [Clustering Tasks Thread-2] o.a.n.c.c.ClusterProtocolHeartbeater Heartbeat created at 2017-10-18 20:05:05,755 and sent to node-1:9999 at 2017-10-18 20:05:05,815; send took 59 millis
2017-10-18 20:05:10,879 INFO [Clustering Tasks Thread-2] o.a.n.c.c.ClusterProtocolHeartbeater Heartbeat created at 2017-10-18 20:05:10,815 and sent to node-1:9999 at 2017-10-18 20:05:10,879; send took 63 millis
2017-10-18 20:05:16,035 INFO [Clustering Tasks Thread-1] o.a.n.c.c.ClusterProtocolHeartbeater Heartbeat created at 2017-10-18 20:05:15,879 and sent to node-1:9999 at 2017-10-18 20:05:16,035; send took 155 millis
2017-10-18 20:05:21,107 INFO [Clustering Tasks Thread-3] o.a.n.c.c.ClusterProtocolHeartbeater Heartbeat created at 2017-10-18 20:05:21,035 and sent to node-1:9999 at 2017-10-18 20:05:21,107; send took 71 millis
2017-10-18 20:05:26,167 INFO [Clustering Tasks Thread-2] o.a.n.c.c.ClusterProtocolHeartbeater Heartbeat created at 2017-10-18 20:05:26,108 and sent to node-1:9999 at 2017-10-18 20:05:26,167; send took 59 millis
2017-10-18 20:05:31,239 INFO [Clustering Tasks Thread-1] o.a.n.c.c.ClusterProtocolHeartbeater Heartbeat created at 2017-10-18 20:05:31,167 and sent to node-1:9999 at 2017-10-18 20:05:31,239; send took 71 millis
2017-10-18 20:05:31,720 INFO [Write-Ahead Local State Provider Maintenance] org.wali.MinimalLockingWriteAheadLog org.wali.MinimalLockingWriteAheadLog@470fc16c checkpointed with 34 Records and 0 Swap Files in 218 milliseconds (Stop-the-world time = 0 milliseconds, Clear Edit Logs time = 0 millis), max Transaction ID 82
2017-10-18 20:05:36,299 INFO [Clustering Tasks Thread-3] o.a.n.c.c.ClusterProtocolHeartbeater Heartbeat created at 2017-10-18 20:05:36,240 and sent to node-1:9999 at 2017-10-18 20:05:36,299; send took 58 millis
2017-10-18 20:05:41,359 INFO [Clustering Tasks Thread-2] o.a.n.c.c.ClusterProtocolHeartbeater Heartbeat created at 2017-10-18 20:05:41,299 and sent to node-1:9999 at 2017-10-18 20:05:41,359; send took 59 millis
2017-10-18 20:05:46,419 INFO [Clustering Tasks Thread-1] o.a.n.c.c.ClusterProtocolHeartbeater Heartbeat created at 2017-10-18 20:05:46,359 and sent to node-1:9999 at 2017-10-18 20:05:46,419; send took 59 millis
2017-10-18 20:05:51,479 INFO [Clustering Tasks Thread-3] o.a.n.c.c.ClusterProtocolHeartbeater Heartbeat created at 2017-10-18 20:05:51,419 and sent to node-1:9999 at 2017-10-18 20:05:51,479; send took 59 millis
2017-10-18 20:05:56,539 INFO [Clustering Tasks Thread-2] o.a.n.c.c.ClusterProtocolHeartbeater Heartbeat created at 2017-10-18 20:05:56,479 and sent to node-1:9999 at 2017-10-18 20:05:56,539; send took 59 millis
2017-10-18 20:06:01,599 INFO [Clustering Tasks Thread-1] o.a.n.c.c.ClusterProtocolHeartbeater Heartbeat created at 2017-10-18 20:06:01,539 and sent to node-1:9999 at 2017-10-18 20:06:01,599; send took 59 millis
2017-10-18 20:06:06,659 INFO [Clustering Tasks Thread-3] o.a.n.c.c.ClusterProtocolHeartbeater Heartbeat created at 2017-10-18 20:06:06,600 and sent to node-1:9999 at 2017-10-18 20:06:06,659; send took 58 millis
2017-10-18 20:06:11,719 INFO [Clustering Tasks Thread-2] o.a.n.c.c.ClusterProtocolHeartbeater Heartbeat created at 2017-10-18 20:06:11,660 and sent to node-1:9999 at 2017-10-18 20:06:11,719; send took 58 millis
2017-10-18 20:06:16,779 INFO [Clustering Tasks Thread-1] o.a.n.c.c.ClusterProtocolHeartbeater Heartbeat created at 2017-10-18 20:06:16,720 and sent to node-1:9999 at 2017-10-18 20:06:16,779; send took 59 millis
2017-10-18 20:06:21,839 INFO [Clustering Tasks Thread-3] o.a.n.c.c.ClusterProtocolHeartbeater Heartbeat created at 2017-10-18 20:06:21,780 and sent to node-1:9999 at 2017-10-18 20:06:21,839; send took 58 millis
2017-10-18 20:06:26,899 INFO [Clustering Tasks Thread-2] o.a.n.c.c.ClusterProtocolHeartbeater Heartbeat created at 2017-10-18 20:06:26,839 and sent to node-1:9999 at 2017-10-18 20:06:26,899; send took 59 millis
2017-10-18 20:06:31,959 INFO [Clustering Tasks Thread-1] o.a.n.c.c.ClusterProtocolHeartbeater Heartbeat created at 2017-10-18 20:06:31,899 and sent to node-1:9999 at 2017-10-18 20:06:31,959; send took 59 millis
2017-10-18 20:06:37,019 INFO [Clustering Tasks Thread-3] o.a.n.c.c.ClusterProtocolHeartbeater Heartbeat created at 2017-10-18 20:06:36,959 and sent to node-1:9999 at 2017-10-18 20:06:37,019; send took 59 millis
2017-10-18 20:06:42,083 INFO [Clustering Tasks Thread-2] o.a.n.c.c.ClusterProtocolHeartbeater Heartbeat created at 2017-10-18 20:06:42,019 and sent to node-1:9999 at 2017-10-18 20:06:42,083; send took 63 millis
2017-10-18 20:06:47,147 INFO [Clustering Tasks Thread-1] o.a.n.c.c.ClusterProtocolHeartbeater Heartbeat created at 2017-10-18 20:06:47,083 and sent to node-1:9999 at 2017-10-18 20:06:47,147; send took 64 millis
2017-10-18 20:06:52,208 INFO [Clustering Tasks Thread-3] o.a.n.c.c.ClusterProtocolHeartbeater Heartbeat created at 2017-10-18 20:06:52,147 and sent to node-1:9999 at 2017-10-18 20:06:52,208; send took 60 millis
2017-10-18 20:06:53,684 INFO [pool-12-thread-1] o.a.n.c.r.WriteAheadFlowFileRepository Initiating checkpoint of FlowFile Repository
2017-10-18 20:06:53,734 INFO [pool-12-thread-1] org.wali.MinimalLockingWriteAheadLog org.wali.MinimalLockingWriteAheadLog@7e389cd6 checkpointed with 0 Records and 0 Swap Files in 49 milliseconds (Stop-the-world time = 26 milliseconds, Clear Edit Logs time = 16 millis), max Transaction ID -1
2017-10-18 20:06:53,734 INFO [pool-12-thread-1] o.a.n.c.r.WriteAheadFlowFileRepository Successfully checkpointed FlowFile Repository with 0 records in 49 milliseconds
2017-10-18 20:06:57,339 INFO [Clustering Tasks Thread-2] o.a.n.c.c.ClusterProtocolHeartbeater Heartbeat created at 2017-10-18 20:06:57,208 and sent to node-1:9999 at 2017-10-18 20:06:57,339; send took 130 millis
