2017-10-07 12:15:32,428 INFO [main] o.a.n.b.NotificationServiceManager Successfully loaded the following 0 services: []
2017-10-07 12:15:32,481 INFO [main] org.apache.nifi.bootstrap.RunNiFi Registered no Notification Services for Notification Type NIFI_STARTED
2017-10-07 12:15:32,486 INFO [main] org.apache.nifi.bootstrap.RunNiFi Registered no Notification Services for Notification Type NIFI_STOPPED
2017-10-07 12:15:32,486 INFO [main] org.apache.nifi.bootstrap.RunNiFi Registered no Notification Services for Notification Type NIFI_DIED
2017-10-07 12:15:32,640 INFO [main] org.apache.nifi.bootstrap.Command Starting Apache NiFi...
2017-10-07 12:15:32,641 INFO [main] org.apache.nifi.bootstrap.Command Working Directory: /home/bizruntime/nifi/nifi-1.3.0
2017-10-07 12:15:32,641 INFO [main] org.apache.nifi.bootstrap.Command Command: /usr/lib/jvm/java-8-oracle/bin/java -classpath /home/bizruntime/nifi/nifi-1.3.0/./conf:/home/bizruntime/nifi/nifi-1.3.0/./lib/javax.servlet-api-3.1.0.jar:/home/bizruntime/nifi/nifi-1.3.0/./lib/nifi-framework-api-1.3.0.jar:/home/bizruntime/nifi/nifi-1.3.0/./lib/jcl-over-slf4j-1.7.25.jar:/home/bizruntime/nifi/nifi-1.3.0/./lib/jul-to-slf4j-1.7.25.jar:/home/bizruntime/nifi/nifi-1.3.0/./lib/logback-classic-1.2.3.jar:/home/bizruntime/nifi/nifi-1.3.0/./lib/slf4j-api-1.7.25.jar:/home/bizruntime/nifi/nifi-1.3.0/./lib/nifi-nar-utils-1.3.0.jar:/home/bizruntime/nifi/nifi-1.3.0/./lib/nifi-runtime-1.3.0.jar:/home/bizruntime/nifi/nifi-1.3.0/./lib/logback-core-1.2.3.jar:/home/bizruntime/nifi/nifi-1.3.0/./lib/nifi-properties-1.3.0.jar:/home/bizruntime/nifi/nifi-1.3.0/./lib/log4j-over-slf4j-1.7.25.jar:/home/bizruntime/nifi/nifi-1.3.0/./lib/jetty-schemas-3.1.jar:/home/bizruntime/nifi/nifi-1.3.0/./lib/nifi-api-1.3.0.jar -Dorg.apache.jasper.compiler.disablejsr199=true -Xmx512m -Xms512m -Djava.security.egd=file:/dev/urandom -Dsun.net.http.allowRestrictedHeaders=true -Djava.net.preferIPv4Stack=true -Djava.awt.headless=true -XX:+UseG1GC -Djava.protocol.handler.pkgs=sun.net.www.protocol -Dnifi.properties.file.path=/home/bizruntime/nifi/nifi-1.3.0/./conf/nifi.properties -Dnifi.bootstrap.listen.port=44672 -Dapp=NiFi -Dorg.apache.nifi.bootstrap.config.log.dir=/home/bizruntime/nifi/nifi-1.3.0/logs org.apache.nifi.NiFi 
2017-10-07 12:15:32,691 INFO [main] org.apache.nifi.bootstrap.Command Launched Apache NiFi with Process ID 1115
2017-10-07 12:15:33,688 INFO [NiFi Bootstrap Command Listener] org.apache.nifi.bootstrap.RunNiFi Apache NiFi now running and listening for Bootstrap requests on port 41866
2017-10-07 12:33:13,840 INFO [main] o.a.n.b.NotificationServiceManager Successfully loaded the following 0 services: []
2017-10-07 12:33:13,846 INFO [main] org.apache.nifi.bootstrap.RunNiFi Registered no Notification Services for Notification Type NIFI_STARTED
2017-10-07 12:33:13,846 INFO [main] org.apache.nifi.bootstrap.RunNiFi Registered no Notification Services for Notification Type NIFI_STOPPED
2017-10-07 12:33:13,846 INFO [main] org.apache.nifi.bootstrap.RunNiFi Registered no Notification Services for Notification Type NIFI_DIED
2017-10-07 12:33:14,974 INFO [main] org.apache.nifi.bootstrap.Command Apache NiFi has accepted the Shutdown Command and is shutting down now
2017-10-07 12:33:15,015 INFO [main] org.apache.nifi.bootstrap.Command Waiting for Apache NiFi to finish shutting down...
2017-10-07 12:33:15,824 INFO [main] org.apache.nifi.bootstrap.RunNiFi A shutdown was initiated. Will not restart NiFi
2017-10-07 12:33:17,018 INFO [main] org.apache.nifi.bootstrap.Command NiFi has finished shutting down.
2017-10-07 12:33:20,491 INFO [main] o.a.n.b.NotificationServiceManager Successfully loaded the following 0 services: []
2017-10-07 12:33:20,497 INFO [main] org.apache.nifi.bootstrap.RunNiFi Registered no Notification Services for Notification Type NIFI_STARTED
2017-10-07 12:33:20,497 INFO [main] org.apache.nifi.bootstrap.RunNiFi Registered no Notification Services for Notification Type NIFI_STOPPED
2017-10-07 12:33:20,497 INFO [main] org.apache.nifi.bootstrap.RunNiFi Registered no Notification Services for Notification Type NIFI_DIED
2017-10-07 12:33:20,508 INFO [main] org.apache.nifi.bootstrap.Command Starting Apache NiFi...
2017-10-07 12:33:20,509 INFO [main] org.apache.nifi.bootstrap.Command Working Directory: /home/bizruntime/nifi/nifi-1.3.0
2017-10-07 12:33:20,509 INFO [main] org.apache.nifi.bootstrap.Command Command: /usr/lib/jvm/java-8-oracle/bin/java -classpath /home/bizruntime/nifi/nifi-1.3.0/./conf:/home/bizruntime/nifi/nifi-1.3.0/./lib/javax.servlet-api-3.1.0.jar:/home/bizruntime/nifi/nifi-1.3.0/./lib/nifi-framework-api-1.3.0.jar:/home/bizruntime/nifi/nifi-1.3.0/./lib/jcl-over-slf4j-1.7.25.jar:/home/bizruntime/nifi/nifi-1.3.0/./lib/jul-to-slf4j-1.7.25.jar:/home/bizruntime/nifi/nifi-1.3.0/./lib/logback-classic-1.2.3.jar:/home/bizruntime/nifi/nifi-1.3.0/./lib/slf4j-api-1.7.25.jar:/home/bizruntime/nifi/nifi-1.3.0/./lib/nifi-nar-utils-1.3.0.jar:/home/bizruntime/nifi/nifi-1.3.0/./lib/nifi-runtime-1.3.0.jar:/home/bizruntime/nifi/nifi-1.3.0/./lib/logback-core-1.2.3.jar:/home/bizruntime/nifi/nifi-1.3.0/./lib/nifi-properties-1.3.0.jar:/home/bizruntime/nifi/nifi-1.3.0/./lib/log4j-over-slf4j-1.7.25.jar:/home/bizruntime/nifi/nifi-1.3.0/./lib/jetty-schemas-3.1.jar:/home/bizruntime/nifi/nifi-1.3.0/./lib/nifi-api-1.3.0.jar -Dorg.apache.jasper.compiler.disablejsr199=true -Xmx512m -Xms512m -Djava.security.egd=file:/dev/urandom -Dsun.net.http.allowRestrictedHeaders=true -Djava.net.preferIPv4Stack=true -Djava.awt.headless=true -XX:+UseG1GC -Djava.protocol.handler.pkgs=sun.net.www.protocol -Dnifi.properties.file.path=/home/bizruntime/nifi/nifi-1.3.0/./conf/nifi.properties -Dnifi.bootstrap.listen.port=38787 -Dapp=NiFi -Dorg.apache.nifi.bootstrap.config.log.dir=/home/bizruntime/nifi/nifi-1.3.0/logs org.apache.nifi.NiFi 
2017-10-07 12:33:20,545 INFO [main] org.apache.nifi.bootstrap.Command Launched Apache NiFi with Process ID 1369
2017-10-07 12:33:21,338 INFO [NiFi Bootstrap Command Listener] org.apache.nifi.bootstrap.RunNiFi Apache NiFi now running and listening for Bootstrap requests on port 33187
2017-10-07 12:38:38,767 INFO [main] o.a.n.b.NotificationServiceManager Successfully loaded the following 0 services: []
2017-10-07 12:38:38,772 INFO [main] org.apache.nifi.bootstrap.RunNiFi Registered no Notification Services for Notification Type NIFI_STARTED
2017-10-07 12:38:38,772 INFO [main] org.apache.nifi.bootstrap.RunNiFi Registered no Notification Services for Notification Type NIFI_STOPPED
2017-10-07 12:38:38,772 INFO [main] org.apache.nifi.bootstrap.RunNiFi Registered no Notification Services for Notification Type NIFI_DIED
2017-10-07 12:38:39,706 INFO [main] org.apache.nifi.bootstrap.Command Apache NiFi has accepted the Shutdown Command and is shutting down now
2017-10-07 12:38:39,740 INFO [main] org.apache.nifi.bootstrap.Command Waiting for Apache NiFi to finish shutting down...
2017-10-07 12:38:40,584 INFO [main] org.apache.nifi.bootstrap.RunNiFi A shutdown was initiated. Will not restart NiFi
2017-10-07 12:38:41,743 INFO [main] org.apache.nifi.bootstrap.Command NiFi has finished shutting down.
2017-10-07 12:38:45,225 INFO [main] o.a.n.b.NotificationServiceManager Successfully loaded the following 0 services: []
2017-10-07 12:38:45,227 INFO [main] org.apache.nifi.bootstrap.RunNiFi Registered no Notification Services for Notification Type NIFI_STARTED
2017-10-07 12:38:45,227 INFO [main] org.apache.nifi.bootstrap.RunNiFi Registered no Notification Services for Notification Type NIFI_STOPPED
2017-10-07 12:38:45,227 INFO [main] org.apache.nifi.bootstrap.RunNiFi Registered no Notification Services for Notification Type NIFI_DIED
2017-10-07 12:38:45,238 INFO [main] org.apache.nifi.bootstrap.Command Starting Apache NiFi...
2017-10-07 12:38:45,238 INFO [main] org.apache.nifi.bootstrap.Command Working Directory: /home/bizruntime/nifi/nifi-1.3.0
2017-10-07 12:38:45,238 INFO [main] org.apache.nifi.bootstrap.Command Command: /usr/lib/jvm/java-8-oracle/bin/java -classpath /home/bizruntime/nifi/nifi-1.3.0/./conf:/home/bizruntime/nifi/nifi-1.3.0/./lib/javax.servlet-api-3.1.0.jar:/home/bizruntime/nifi/nifi-1.3.0/./lib/nifi-framework-api-1.3.0.jar:/home/bizruntime/nifi/nifi-1.3.0/./lib/jcl-over-slf4j-1.7.25.jar:/home/bizruntime/nifi/nifi-1.3.0/./lib/jul-to-slf4j-1.7.25.jar:/home/bizruntime/nifi/nifi-1.3.0/./lib/logback-classic-1.2.3.jar:/home/bizruntime/nifi/nifi-1.3.0/./lib/slf4j-api-1.7.25.jar:/home/bizruntime/nifi/nifi-1.3.0/./lib/nifi-nar-utils-1.3.0.jar:/home/bizruntime/nifi/nifi-1.3.0/./lib/nifi-runtime-1.3.0.jar:/home/bizruntime/nifi/nifi-1.3.0/./lib/logback-core-1.2.3.jar:/home/bizruntime/nifi/nifi-1.3.0/./lib/nifi-properties-1.3.0.jar:/home/bizruntime/nifi/nifi-1.3.0/./lib/log4j-over-slf4j-1.7.25.jar:/home/bizruntime/nifi/nifi-1.3.0/./lib/jetty-schemas-3.1.jar:/home/bizruntime/nifi/nifi-1.3.0/./lib/nifi-api-1.3.0.jar -Dorg.apache.jasper.compiler.disablejsr199=true -Xmx512m -Xms512m -Djava.security.egd=file:/dev/urandom -Dsun.net.http.allowRestrictedHeaders=true -Djava.net.preferIPv4Stack=true -Djava.awt.headless=true -XX:+UseG1GC -Djava.protocol.handler.pkgs=sun.net.www.protocol -Dnifi.properties.file.path=/home/bizruntime/nifi/nifi-1.3.0/./conf/nifi.properties -Dnifi.bootstrap.listen.port=37430 -Dapp=NiFi -Dorg.apache.nifi.bootstrap.config.log.dir=/home/bizruntime/nifi/nifi-1.3.0/logs org.apache.nifi.NiFi 
2017-10-07 12:38:45,327 INFO [main] org.apache.nifi.bootstrap.Command Launched Apache NiFi with Process ID 1592
2017-10-07 12:38:46,139 INFO [NiFi Bootstrap Command Listener] org.apache.nifi.bootstrap.RunNiFi Apache NiFi now running and listening for Bootstrap requests on port 42553
2017-10-07 12:40:43,283 INFO [main] o.a.n.b.NotificationServiceManager Successfully loaded the following 0 services: []
2017-10-07 12:40:43,289 INFO [main] org.apache.nifi.bootstrap.RunNiFi Registered no Notification Services for Notification Type NIFI_STARTED
2017-10-07 12:40:43,289 INFO [main] org.apache.nifi.bootstrap.RunNiFi Registered no Notification Services for Notification Type NIFI_STOPPED
2017-10-07 12:40:43,289 INFO [main] org.apache.nifi.bootstrap.RunNiFi Registered no Notification Services for Notification Type NIFI_DIED
2017-10-07 12:40:44,277 INFO [main] org.apache.nifi.bootstrap.Command Apache NiFi has accepted the Shutdown Command and is shutting down now
2017-10-07 12:40:44,299 INFO [main] org.apache.nifi.bootstrap.Command Waiting for Apache NiFi to finish shutting down...
2017-10-07 12:40:45,346 INFO [main] org.apache.nifi.bootstrap.RunNiFi A shutdown was initiated. Will not restart NiFi
2017-10-07 12:40:46,302 INFO [main] org.apache.nifi.bootstrap.Command NiFi has finished shutting down.
2017-10-07 12:40:49,782 INFO [main] o.a.n.b.NotificationServiceManager Successfully loaded the following 0 services: []
2017-10-07 12:40:49,787 INFO [main] org.apache.nifi.bootstrap.RunNiFi Registered no Notification Services for Notification Type NIFI_STARTED
2017-10-07 12:40:49,787 INFO [main] org.apache.nifi.bootstrap.RunNiFi Registered no Notification Services for Notification Type NIFI_STOPPED
2017-10-07 12:40:49,787 INFO [main] org.apache.nifi.bootstrap.RunNiFi Registered no Notification Services for Notification Type NIFI_DIED
2017-10-07 12:40:49,799 INFO [main] org.apache.nifi.bootstrap.Command Starting Apache NiFi...
2017-10-07 12:40:49,799 INFO [main] org.apache.nifi.bootstrap.Command Working Directory: /home/bizruntime/nifi/nifi-1.3.0
2017-10-07 12:40:49,799 INFO [main] org.apache.nifi.bootstrap.Command Command: /usr/lib/jvm/java-8-oracle/bin/java -classpath /home/bizruntime/nifi/nifi-1.3.0/./conf:/home/bizruntime/nifi/nifi-1.3.0/./lib/javax.servlet-api-3.1.0.jar:/home/bizruntime/nifi/nifi-1.3.0/./lib/nifi-framework-api-1.3.0.jar:/home/bizruntime/nifi/nifi-1.3.0/./lib/jcl-over-slf4j-1.7.25.jar:/home/bizruntime/nifi/nifi-1.3.0/./lib/jul-to-slf4j-1.7.25.jar:/home/bizruntime/nifi/nifi-1.3.0/./lib/logback-classic-1.2.3.jar:/home/bizruntime/nifi/nifi-1.3.0/./lib/slf4j-api-1.7.25.jar:/home/bizruntime/nifi/nifi-1.3.0/./lib/nifi-nar-utils-1.3.0.jar:/home/bizruntime/nifi/nifi-1.3.0/./lib/nifi-runtime-1.3.0.jar:/home/bizruntime/nifi/nifi-1.3.0/./lib/logback-core-1.2.3.jar:/home/bizruntime/nifi/nifi-1.3.0/./lib/nifi-properties-1.3.0.jar:/home/bizruntime/nifi/nifi-1.3.0/./lib/log4j-over-slf4j-1.7.25.jar:/home/bizruntime/nifi/nifi-1.3.0/./lib/jetty-schemas-3.1.jar:/home/bizruntime/nifi/nifi-1.3.0/./lib/nifi-api-1.3.0.jar -Dorg.apache.jasper.compiler.disablejsr199=true -Xmx512m -Xms512m -Djava.security.egd=file:/dev/urandom -Dsun.net.http.allowRestrictedHeaders=true -Djava.net.preferIPv4Stack=true -Djava.awt.headless=true -XX:+UseG1GC -Djava.protocol.handler.pkgs=sun.net.www.protocol -Dnifi.properties.file.path=/home/bizruntime/nifi/nifi-1.3.0/./conf/nifi.properties -Dnifi.bootstrap.listen.port=45261 -Dapp=NiFi -Dorg.apache.nifi.bootstrap.config.log.dir=/home/bizruntime/nifi/nifi-1.3.0/logs org.apache.nifi.NiFi 
2017-10-07 12:40:49,836 INFO [main] org.apache.nifi.bootstrap.Command Launched Apache NiFi with Process ID 1789
2017-10-07 12:40:50,662 INFO [NiFi Bootstrap Command Listener] org.apache.nifi.bootstrap.RunNiFi Apache NiFi now running and listening for Bootstrap requests on port 39466
2017-10-07 12:50:53,034 INFO [main] o.a.n.b.NotificationServiceManager Successfully loaded the following 0 services: []
2017-10-07 12:50:53,040 INFO [main] org.apache.nifi.bootstrap.RunNiFi Registered no Notification Services for Notification Type NIFI_STARTED
2017-10-07 12:50:53,040 INFO [main] org.apache.nifi.bootstrap.RunNiFi Registered no Notification Services for Notification Type NIFI_STOPPED
2017-10-07 12:50:53,040 INFO [main] org.apache.nifi.bootstrap.RunNiFi Registered no Notification Services for Notification Type NIFI_DIED
2017-10-07 12:50:53,757 INFO [main] org.apache.nifi.bootstrap.Command Apache NiFi has accepted the Shutdown Command and is shutting down now
2017-10-07 12:50:53,791 INFO [main] org.apache.nifi.bootstrap.Command Waiting for Apache NiFi to finish shutting down...
2017-10-07 12:50:55,141 INFO [main] org.apache.nifi.bootstrap.RunNiFi A shutdown was initiated. Will not restart NiFi
2017-10-07 12:50:55,794 INFO [main] org.apache.nifi.bootstrap.Command NiFi has finished shutting down.
2017-10-07 12:50:59,271 INFO [main] o.a.n.b.NotificationServiceManager Successfully loaded the following 0 services: []
2017-10-07 12:50:59,277 INFO [main] org.apache.nifi.bootstrap.RunNiFi Registered no Notification Services for Notification Type NIFI_STARTED
2017-10-07 12:50:59,277 INFO [main] org.apache.nifi.bootstrap.RunNiFi Registered no Notification Services for Notification Type NIFI_STOPPED
2017-10-07 12:50:59,277 INFO [main] org.apache.nifi.bootstrap.RunNiFi Registered no Notification Services for Notification Type NIFI_DIED
2017-10-07 12:50:59,288 INFO [main] org.apache.nifi.bootstrap.Command Starting Apache NiFi...
2017-10-07 12:50:59,288 INFO [main] org.apache.nifi.bootstrap.Command Working Directory: /home/bizruntime/nifi/nifi-1.3.0
2017-10-07 12:50:59,288 INFO [main] org.apache.nifi.bootstrap.Command Command: /usr/lib/jvm/java-8-oracle/bin/java -classpath /home/bizruntime/nifi/nifi-1.3.0/./conf:/home/bizruntime/nifi/nifi-1.3.0/./lib/javax.servlet-api-3.1.0.jar:/home/bizruntime/nifi/nifi-1.3.0/./lib/nifi-framework-api-1.3.0.jar:/home/bizruntime/nifi/nifi-1.3.0/./lib/jcl-over-slf4j-1.7.25.jar:/home/bizruntime/nifi/nifi-1.3.0/./lib/jul-to-slf4j-1.7.25.jar:/home/bizruntime/nifi/nifi-1.3.0/./lib/logback-classic-1.2.3.jar:/home/bizruntime/nifi/nifi-1.3.0/./lib/slf4j-api-1.7.25.jar:/home/bizruntime/nifi/nifi-1.3.0/./lib/nifi-nar-utils-1.3.0.jar:/home/bizruntime/nifi/nifi-1.3.0/./lib/nifi-runtime-1.3.0.jar:/home/bizruntime/nifi/nifi-1.3.0/./lib/logback-core-1.2.3.jar:/home/bizruntime/nifi/nifi-1.3.0/./lib/nifi-properties-1.3.0.jar:/home/bizruntime/nifi/nifi-1.3.0/./lib/log4j-over-slf4j-1.7.25.jar:/home/bizruntime/nifi/nifi-1.3.0/./lib/jetty-schemas-3.1.jar:/home/bizruntime/nifi/nifi-1.3.0/./lib/nifi-api-1.3.0.jar -Dorg.apache.jasper.compiler.disablejsr199=true -Xmx512m -Xms512m -Djava.security.egd=file:/dev/urandom -Dsun.net.http.allowRestrictedHeaders=true -Djava.net.preferIPv4Stack=true -Djava.awt.headless=true -XX:+UseG1GC -Djava.protocol.handler.pkgs=sun.net.www.protocol -Dnifi.properties.file.path=/home/bizruntime/nifi/nifi-1.3.0/./conf/nifi.properties -Dnifi.bootstrap.listen.port=44121 -Dapp=NiFi -Dorg.apache.nifi.bootstrap.config.log.dir=/home/bizruntime/nifi/nifi-1.3.0/logs org.apache.nifi.NiFi 
2017-10-07 12:50:59,335 INFO [main] org.apache.nifi.bootstrap.Command Launched Apache NiFi with Process ID 2079
2017-10-07 12:51:00,154 INFO [NiFi Bootstrap Command Listener] org.apache.nifi.bootstrap.RunNiFi Apache NiFi now running and listening for Bootstrap requests on port 39723
2017-10-07 12:55:44,577 INFO [main] o.a.n.b.NotificationServiceManager Successfully loaded the following 0 services: []
2017-10-07 12:55:44,583 INFO [main] org.apache.nifi.bootstrap.RunNiFi Registered no Notification Services for Notification Type NIFI_STARTED
2017-10-07 12:55:44,583 INFO [main] org.apache.nifi.bootstrap.RunNiFi Registered no Notification Services for Notification Type NIFI_STOPPED
2017-10-07 12:55:44,583 INFO [main] org.apache.nifi.bootstrap.RunNiFi Registered no Notification Services for Notification Type NIFI_DIED
2017-10-07 12:55:45,206 INFO [main] org.apache.nifi.bootstrap.Command Apache NiFi has accepted the Shutdown Command and is shutting down now
2017-10-07 12:55:45,236 INFO [main] org.apache.nifi.bootstrap.Command Waiting for Apache NiFi to finish shutting down...
2017-10-07 12:55:46,375 INFO [main] org.apache.nifi.bootstrap.RunNiFi A shutdown was initiated. Will not restart NiFi
2017-10-07 12:55:47,238 INFO [main] org.apache.nifi.bootstrap.Command NiFi has finished shutting down.
2017-10-07 12:55:50,708 INFO [main] o.a.n.b.NotificationServiceManager Successfully loaded the following 0 services: []
2017-10-07 12:55:50,714 INFO [main] org.apache.nifi.bootstrap.RunNiFi Registered no Notification Services for Notification Type NIFI_STARTED
2017-10-07 12:55:50,714 INFO [main] org.apache.nifi.bootstrap.RunNiFi Registered no Notification Services for Notification Type NIFI_STOPPED
2017-10-07 12:55:50,714 INFO [main] org.apache.nifi.bootstrap.RunNiFi Registered no Notification Services for Notification Type NIFI_DIED
2017-10-07 12:55:50,725 INFO [main] org.apache.nifi.bootstrap.Command Starting Apache NiFi...
2017-10-07 12:55:50,726 INFO [main] org.apache.nifi.bootstrap.Command Working Directory: /home/bizruntime/nifi/nifi-1.3.0
2017-10-07 12:55:50,727 INFO [main] org.apache.nifi.bootstrap.Command Command: /usr/lib/jvm/java-8-oracle/bin/java -classpath /home/bizruntime/nifi/nifi-1.3.0/./conf:/home/bizruntime/nifi/nifi-1.3.0/./lib/javax.servlet-api-3.1.0.jar:/home/bizruntime/nifi/nifi-1.3.0/./lib/nifi-framework-api-1.3.0.jar:/home/bizruntime/nifi/nifi-1.3.0/./lib/jcl-over-slf4j-1.7.25.jar:/home/bizruntime/nifi/nifi-1.3.0/./lib/jul-to-slf4j-1.7.25.jar:/home/bizruntime/nifi/nifi-1.3.0/./lib/logback-classic-1.2.3.jar:/home/bizruntime/nifi/nifi-1.3.0/./lib/slf4j-api-1.7.25.jar:/home/bizruntime/nifi/nifi-1.3.0/./lib/nifi-nar-utils-1.3.0.jar:/home/bizruntime/nifi/nifi-1.3.0/./lib/nifi-runtime-1.3.0.jar:/home/bizruntime/nifi/nifi-1.3.0/./lib/logback-core-1.2.3.jar:/home/bizruntime/nifi/nifi-1.3.0/./lib/nifi-properties-1.3.0.jar:/home/bizruntime/nifi/nifi-1.3.0/./lib/log4j-over-slf4j-1.7.25.jar:/home/bizruntime/nifi/nifi-1.3.0/./lib/jetty-schemas-3.1.jar:/home/bizruntime/nifi/nifi-1.3.0/./lib/nifi-api-1.3.0.jar -Dorg.apache.jasper.compiler.disablejsr199=true -Xmx512m -Xms512m -Djava.security.egd=file:/dev/urandom -Dsun.net.http.allowRestrictedHeaders=true -Djava.net.preferIPv4Stack=true -Djava.awt.headless=true -XX:+UseG1GC -Djava.protocol.handler.pkgs=sun.net.www.protocol -Dnifi.properties.file.path=/home/bizruntime/nifi/nifi-1.3.0/./conf/nifi.properties -Dnifi.bootstrap.listen.port=37767 -Dapp=NiFi -Dorg.apache.nifi.bootstrap.config.log.dir=/home/bizruntime/nifi/nifi-1.3.0/logs org.apache.nifi.NiFi 
2017-10-07 12:55:50,764 INFO [main] org.apache.nifi.bootstrap.Command Launched Apache NiFi with Process ID 2299
2017-10-07 12:55:51,601 INFO [NiFi Bootstrap Command Listener] org.apache.nifi.bootstrap.RunNiFi Apache NiFi now running and listening for Bootstrap requests on port 36737
2017-10-07 12:58:58,018 INFO [main] o.a.n.b.NotificationServiceManager Successfully loaded the following 0 services: []
2017-10-07 12:58:58,022 INFO [main] org.apache.nifi.bootstrap.RunNiFi Registered no Notification Services for Notification Type NIFI_STARTED
2017-10-07 12:58:58,022 INFO [main] org.apache.nifi.bootstrap.RunNiFi Registered no Notification Services for Notification Type NIFI_STOPPED
2017-10-07 12:58:58,022 INFO [main] org.apache.nifi.bootstrap.RunNiFi Registered no Notification Services for Notification Type NIFI_DIED
2017-10-07 12:58:59,042 INFO [main] org.apache.nifi.bootstrap.Command Apache NiFi has accepted the Shutdown Command and is shutting down now
2017-10-07 12:58:59,054 INFO [main] org.apache.nifi.bootstrap.Command Waiting for Apache NiFi to finish shutting down...
2017-10-07 12:59:00,852 INFO [main] org.apache.nifi.bootstrap.RunNiFi A shutdown was initiated. Will not restart NiFi
2017-10-07 12:59:01,057 INFO [main] org.apache.nifi.bootstrap.Command NiFi has finished shutting down.
2017-10-07 12:59:04,551 INFO [main] o.a.n.b.NotificationServiceManager Successfully loaded the following 0 services: []
2017-10-07 12:59:04,556 INFO [main] org.apache.nifi.bootstrap.RunNiFi Registered no Notification Services for Notification Type NIFI_STARTED
2017-10-07 12:59:04,556 INFO [main] org.apache.nifi.bootstrap.RunNiFi Registered no Notification Services for Notification Type NIFI_STOPPED
2017-10-07 12:59:04,556 INFO [main] org.apache.nifi.bootstrap.RunNiFi Registered no Notification Services for Notification Type NIFI_DIED
2017-10-07 12:59:04,568 INFO [main] org.apache.nifi.bootstrap.Command Starting Apache NiFi...
2017-10-07 12:59:04,569 INFO [main] org.apache.nifi.bootstrap.Command Working Directory: /home/bizruntime/nifi/nifi-1.3.0
2017-10-07 12:59:04,569 INFO [main] org.apache.nifi.bootstrap.Command Command: /usr/lib/jvm/java-8-oracle/bin/java -classpath /home/bizruntime/nifi/nifi-1.3.0/./conf:/home/bizruntime/nifi/nifi-1.3.0/./lib/javax.servlet-api-3.1.0.jar:/home/bizruntime/nifi/nifi-1.3.0/./lib/nifi-framework-api-1.3.0.jar:/home/bizruntime/nifi/nifi-1.3.0/./lib/jcl-over-slf4j-1.7.25.jar:/home/bizruntime/nifi/nifi-1.3.0/./lib/jul-to-slf4j-1.7.25.jar:/home/bizruntime/nifi/nifi-1.3.0/./lib/logback-classic-1.2.3.jar:/home/bizruntime/nifi/nifi-1.3.0/./lib/slf4j-api-1.7.25.jar:/home/bizruntime/nifi/nifi-1.3.0/./lib/nifi-nar-utils-1.3.0.jar:/home/bizruntime/nifi/nifi-1.3.0/./lib/nifi-runtime-1.3.0.jar:/home/bizruntime/nifi/nifi-1.3.0/./lib/logback-core-1.2.3.jar:/home/bizruntime/nifi/nifi-1.3.0/./lib/nifi-properties-1.3.0.jar:/home/bizruntime/nifi/nifi-1.3.0/./lib/log4j-over-slf4j-1.7.25.jar:/home/bizruntime/nifi/nifi-1.3.0/./lib/jetty-schemas-3.1.jar:/home/bizruntime/nifi/nifi-1.3.0/./lib/nifi-api-1.3.0.jar -Dorg.apache.jasper.compiler.disablejsr199=true -Xmx512m -Xms512m -Djava.security.egd=file:/dev/urandom -Dsun.net.http.allowRestrictedHeaders=true -Djava.net.preferIPv4Stack=true -Djava.awt.headless=true -XX:+UseG1GC -Djava.protocol.handler.pkgs=sun.net.www.protocol -Dnifi.properties.file.path=/home/bizruntime/nifi/nifi-1.3.0/./conf/nifi.properties -Dnifi.bootstrap.listen.port=38845 -Dapp=NiFi -Dorg.apache.nifi.bootstrap.config.log.dir=/home/bizruntime/nifi/nifi-1.3.0/logs org.apache.nifi.NiFi 
2017-10-07 12:59:04,607 INFO [main] org.apache.nifi.bootstrap.Command Launched Apache NiFi with Process ID 2510
2017-10-07 12:59:05,434 INFO [NiFi Bootstrap Command Listener] org.apache.nifi.bootstrap.RunNiFi Apache NiFi now running and listening for Bootstrap requests on port 36744
2017-10-07 13:02:13,214 INFO [main] o.a.n.b.NotificationServiceManager Successfully loaded the following 0 services: []
2017-10-07 13:02:13,224 INFO [main] org.apache.nifi.bootstrap.RunNiFi Registered no Notification Services for Notification Type NIFI_STARTED
2017-10-07 13:02:13,224 INFO [main] org.apache.nifi.bootstrap.RunNiFi Registered no Notification Services for Notification Type NIFI_STOPPED
2017-10-07 13:02:13,224 INFO [main] org.apache.nifi.bootstrap.RunNiFi Registered no Notification Services for Notification Type NIFI_DIED
2017-10-07 13:02:13,782 INFO [main] org.apache.nifi.bootstrap.Command Apache NiFi has accepted the Shutdown Command and is shutting down now
2017-10-07 13:02:13,801 INFO [main] org.apache.nifi.bootstrap.Command Waiting for Apache NiFi to finish shutting down...
2017-10-07 13:02:14,684 INFO [main] org.apache.nifi.bootstrap.RunNiFi A shutdown was initiated. Will not restart NiFi
2017-10-07 13:02:15,804 INFO [main] org.apache.nifi.bootstrap.Command NiFi has finished shutting down.
2017-10-07 13:02:19,274 INFO [main] o.a.n.b.NotificationServiceManager Successfully loaded the following 0 services: []
2017-10-07 13:02:19,280 INFO [main] org.apache.nifi.bootstrap.RunNiFi Registered no Notification Services for Notification Type NIFI_STARTED
2017-10-07 13:02:19,280 INFO [main] org.apache.nifi.bootstrap.RunNiFi Registered no Notification Services for Notification Type NIFI_STOPPED
2017-10-07 13:02:19,280 INFO [main] org.apache.nifi.bootstrap.RunNiFi Registered no Notification Services for Notification Type NIFI_DIED
2017-10-07 13:02:19,291 INFO [main] org.apache.nifi.bootstrap.Command Starting Apache NiFi...
2017-10-07 13:02:19,292 INFO [main] org.apache.nifi.bootstrap.Command Working Directory: /home/bizruntime/nifi/nifi-1.3.0
2017-10-07 13:02:19,292 INFO [main] org.apache.nifi.bootstrap.Command Command: /usr/lib/jvm/java-8-oracle/bin/java -classpath /home/bizruntime/nifi/nifi-1.3.0/./conf:/home/bizruntime/nifi/nifi-1.3.0/./lib/javax.servlet-api-3.1.0.jar:/home/bizruntime/nifi/nifi-1.3.0/./lib/nifi-framework-api-1.3.0.jar:/home/bizruntime/nifi/nifi-1.3.0/./lib/jcl-over-slf4j-1.7.25.jar:/home/bizruntime/nifi/nifi-1.3.0/./lib/jul-to-slf4j-1.7.25.jar:/home/bizruntime/nifi/nifi-1.3.0/./lib/logback-classic-1.2.3.jar:/home/bizruntime/nifi/nifi-1.3.0/./lib/slf4j-api-1.7.25.jar:/home/bizruntime/nifi/nifi-1.3.0/./lib/nifi-nar-utils-1.3.0.jar:/home/bizruntime/nifi/nifi-1.3.0/./lib/nifi-runtime-1.3.0.jar:/home/bizruntime/nifi/nifi-1.3.0/./lib/logback-core-1.2.3.jar:/home/bizruntime/nifi/nifi-1.3.0/./lib/nifi-properties-1.3.0.jar:/home/bizruntime/nifi/nifi-1.3.0/./lib/log4j-over-slf4j-1.7.25.jar:/home/bizruntime/nifi/nifi-1.3.0/./lib/jetty-schemas-3.1.jar:/home/bizruntime/nifi/nifi-1.3.0/./lib/nifi-api-1.3.0.jar -Dorg.apache.jasper.compiler.disablejsr199=true -Xmx512m -Xms512m -Djava.security.egd=file:/dev/urandom -Dsun.net.http.allowRestrictedHeaders=true -Djava.net.preferIPv4Stack=true -Djava.awt.headless=true -XX:+UseG1GC -Djava.protocol.handler.pkgs=sun.net.www.protocol -Dnifi.properties.file.path=/home/bizruntime/nifi/nifi-1.3.0/./conf/nifi.properties -Dnifi.bootstrap.listen.port=33415 -Dapp=NiFi -Dorg.apache.nifi.bootstrap.config.log.dir=/home/bizruntime/nifi/nifi-1.3.0/logs org.apache.nifi.NiFi 
2017-10-07 13:02:19,330 INFO [main] org.apache.nifi.bootstrap.Command Launched Apache NiFi with Process ID 2697
2017-10-07 13:02:20,151 INFO [NiFi Bootstrap Command Listener] org.apache.nifi.bootstrap.RunNiFi Apache NiFi now running and listening for Bootstrap requests on port 46292
2017-10-07 13:06:04,593 INFO [main] o.a.n.b.NotificationServiceManager Successfully loaded the following 0 services: []
2017-10-07 13:06:04,599 INFO [main] org.apache.nifi.bootstrap.RunNiFi Registered no Notification Services for Notification Type NIFI_STARTED
2017-10-07 13:06:04,599 INFO [main] org.apache.nifi.bootstrap.RunNiFi Registered no Notification Services for Notification Type NIFI_STOPPED
2017-10-07 13:06:04,599 INFO [main] org.apache.nifi.bootstrap.RunNiFi Registered no Notification Services for Notification Type NIFI_DIED
2017-10-07 13:06:05,156 INFO [main] org.apache.nifi.bootstrap.Command Apache NiFi has accepted the Shutdown Command and is shutting down now
2017-10-07 13:06:05,176 INFO [main] org.apache.nifi.bootstrap.Command Waiting for Apache NiFi to finish shutting down...
2017-10-07 13:06:07,179 INFO [main] org.apache.nifi.bootstrap.Command NiFi has finished shutting down.
2017-10-07 13:06:07,393 INFO [main] org.apache.nifi.bootstrap.RunNiFi Status File no longer exists. Will not restart NiFi
2017-10-07 13:06:10,652 INFO [main] o.a.n.b.NotificationServiceManager Successfully loaded the following 0 services: []
2017-10-07 13:06:10,658 INFO [main] org.apache.nifi.bootstrap.RunNiFi Registered no Notification Services for Notification Type NIFI_STARTED
2017-10-07 13:06:10,658 INFO [main] org.apache.nifi.bootstrap.RunNiFi Registered no Notification Services for Notification Type NIFI_STOPPED
2017-10-07 13:06:10,658 INFO [main] org.apache.nifi.bootstrap.RunNiFi Registered no Notification Services for Notification Type NIFI_DIED
2017-10-07 13:06:10,669 INFO [main] org.apache.nifi.bootstrap.Command Starting Apache NiFi...
2017-10-07 13:06:10,669 INFO [main] org.apache.nifi.bootstrap.Command Working Directory: /home/bizruntime/nifi/nifi-1.3.0
2017-10-07 13:06:10,669 INFO [main] org.apache.nifi.bootstrap.Command Command: /usr/lib/jvm/java-8-oracle/bin/java -classpath /home/bizruntime/nifi/nifi-1.3.0/./conf:/home/bizruntime/nifi/nifi-1.3.0/./lib/javax.servlet-api-3.1.0.jar:/home/bizruntime/nifi/nifi-1.3.0/./lib/nifi-framework-api-1.3.0.jar:/home/bizruntime/nifi/nifi-1.3.0/./lib/jcl-over-slf4j-1.7.25.jar:/home/bizruntime/nifi/nifi-1.3.0/./lib/jul-to-slf4j-1.7.25.jar:/home/bizruntime/nifi/nifi-1.3.0/./lib/logback-classic-1.2.3.jar:/home/bizruntime/nifi/nifi-1.3.0/./lib/slf4j-api-1.7.25.jar:/home/bizruntime/nifi/nifi-1.3.0/./lib/nifi-nar-utils-1.3.0.jar:/home/bizruntime/nifi/nifi-1.3.0/./lib/nifi-runtime-1.3.0.jar:/home/bizruntime/nifi/nifi-1.3.0/./lib/logback-core-1.2.3.jar:/home/bizruntime/nifi/nifi-1.3.0/./lib/nifi-properties-1.3.0.jar:/home/bizruntime/nifi/nifi-1.3.0/./lib/log4j-over-slf4j-1.7.25.jar:/home/bizruntime/nifi/nifi-1.3.0/./lib/jetty-schemas-3.1.jar:/home/bizruntime/nifi/nifi-1.3.0/./lib/nifi-api-1.3.0.jar -Dorg.apache.jasper.compiler.disablejsr199=true -Xmx512m -Xms512m -Djava.security.egd=file:/dev/urandom -Dsun.net.http.allowRestrictedHeaders=true -Djava.net.preferIPv4Stack=true -Djava.awt.headless=true -XX:+UseG1GC -Djava.protocol.handler.pkgs=sun.net.www.protocol -Dnifi.properties.file.path=/home/bizruntime/nifi/nifi-1.3.0/./conf/nifi.properties -Dnifi.bootstrap.listen.port=43298 -Dapp=NiFi -Dorg.apache.nifi.bootstrap.config.log.dir=/home/bizruntime/nifi/nifi-1.3.0/logs org.apache.nifi.NiFi 
2017-10-07 13:06:10,835 INFO [main] org.apache.nifi.bootstrap.Command Launched Apache NiFi with Process ID 2913
2017-10-07 13:06:11,583 INFO [NiFi Bootstrap Command Listener] org.apache.nifi.bootstrap.RunNiFi Apache NiFi now running and listening for Bootstrap requests on port 40350
2017-10-07 13:14:55,388 INFO [main] o.a.n.b.NotificationServiceManager Successfully loaded the following 0 services: []
2017-10-07 13:14:55,394 INFO [main] org.apache.nifi.bootstrap.RunNiFi Registered no Notification Services for Notification Type NIFI_STARTED
2017-10-07 13:14:55,394 INFO [main] org.apache.nifi.bootstrap.RunNiFi Registered no Notification Services for Notification Type NIFI_STOPPED
2017-10-07 13:14:55,394 INFO [main] org.apache.nifi.bootstrap.RunNiFi Registered no Notification Services for Notification Type NIFI_DIED
2017-10-07 13:14:55,615 INFO [main] org.apache.nifi.bootstrap.Command Apache NiFi has accepted the Shutdown Command and is shutting down now
2017-10-07 13:14:55,660 INFO [main] org.apache.nifi.bootstrap.Command Waiting for Apache NiFi to finish shutting down...
2017-10-07 13:14:57,663 INFO [main] org.apache.nifi.bootstrap.Command NiFi has finished shutting down.
2017-10-07 13:14:57,908 INFO [main] org.apache.nifi.bootstrap.RunNiFi Status File no longer exists. Will not restart NiFi
2017-10-07 13:15:01,138 INFO [main] o.a.n.b.NotificationServiceManager Successfully loaded the following 0 services: []
2017-10-07 13:15:01,143 INFO [main] org.apache.nifi.bootstrap.RunNiFi Registered no Notification Services for Notification Type NIFI_STARTED
2017-10-07 13:15:01,144 INFO [main] org.apache.nifi.bootstrap.RunNiFi Registered no Notification Services for Notification Type NIFI_STOPPED
2017-10-07 13:15:01,144 INFO [main] org.apache.nifi.bootstrap.RunNiFi Registered no Notification Services for Notification Type NIFI_DIED
2017-10-07 13:15:01,154 INFO [main] org.apache.nifi.bootstrap.Command Starting Apache NiFi...
2017-10-07 13:15:01,155 INFO [main] org.apache.nifi.bootstrap.Command Working Directory: /home/bizruntime/nifi/nifi-1.3.0
2017-10-07 13:15:01,155 INFO [main] org.apache.nifi.bootstrap.Command Command: /usr/lib/jvm/java-8-oracle/bin/java -classpath /home/bizruntime/nifi/nifi-1.3.0/./conf:/home/bizruntime/nifi/nifi-1.3.0/./lib/javax.servlet-api-3.1.0.jar:/home/bizruntime/nifi/nifi-1.3.0/./lib/nifi-framework-api-1.3.0.jar:/home/bizruntime/nifi/nifi-1.3.0/./lib/jcl-over-slf4j-1.7.25.jar:/home/bizruntime/nifi/nifi-1.3.0/./lib/jul-to-slf4j-1.7.25.jar:/home/bizruntime/nifi/nifi-1.3.0/./lib/logback-classic-1.2.3.jar:/home/bizruntime/nifi/nifi-1.3.0/./lib/slf4j-api-1.7.25.jar:/home/bizruntime/nifi/nifi-1.3.0/./lib/nifi-nar-utils-1.3.0.jar:/home/bizruntime/nifi/nifi-1.3.0/./lib/nifi-runtime-1.3.0.jar:/home/bizruntime/nifi/nifi-1.3.0/./lib/logback-core-1.2.3.jar:/home/bizruntime/nifi/nifi-1.3.0/./lib/nifi-properties-1.3.0.jar:/home/bizruntime/nifi/nifi-1.3.0/./lib/log4j-over-slf4j-1.7.25.jar:/home/bizruntime/nifi/nifi-1.3.0/./lib/jetty-schemas-3.1.jar:/home/bizruntime/nifi/nifi-1.3.0/./lib/nifi-api-1.3.0.jar -Dorg.apache.jasper.compiler.disablejsr199=true -Xmx512m -Xms512m -Djava.security.egd=file:/dev/urandom -Dsun.net.http.allowRestrictedHeaders=true -Djava.net.preferIPv4Stack=true -Djava.awt.headless=true -XX:+UseG1GC -Djava.protocol.handler.pkgs=sun.net.www.protocol -Dnifi.properties.file.path=/home/bizruntime/nifi/nifi-1.3.0/./conf/nifi.properties -Dnifi.bootstrap.listen.port=41280 -Dapp=NiFi -Dorg.apache.nifi.bootstrap.config.log.dir=/home/bizruntime/nifi/nifi-1.3.0/logs org.apache.nifi.NiFi 
2017-10-07 13:15:01,182 INFO [main] org.apache.nifi.bootstrap.Command Launched Apache NiFi with Process ID 3100
2017-10-07 13:15:02,023 INFO [NiFi Bootstrap Command Listener] org.apache.nifi.bootstrap.RunNiFi Apache NiFi now running and listening for Bootstrap requests on port 38142
2017-10-07 13:15:30,187 ERROR [NiFi logging handler] org.apache.nifi.StdErr Failed to start web server: Unable to start Flow Controller.
2017-10-07 13:15:30,205 ERROR [NiFi logging handler] org.apache.nifi.StdErr Shutting down...
2017-10-07 13:15:31,196 INFO [main] org.apache.nifi.bootstrap.RunNiFi NiFi never started. Will not restart NiFi
2017-10-07 13:17:04,204 INFO [main] o.a.n.b.NotificationServiceManager Successfully loaded the following 0 services: []
2017-10-07 13:17:04,210 INFO [main] org.apache.nifi.bootstrap.RunNiFi Registered no Notification Services for Notification Type NIFI_STARTED
2017-10-07 13:17:04,210 INFO [main] org.apache.nifi.bootstrap.RunNiFi Registered no Notification Services for Notification Type NIFI_STOPPED
2017-10-07 13:17:04,210 INFO [main] org.apache.nifi.bootstrap.RunNiFi Registered no Notification Services for Notification Type NIFI_DIED
2017-10-07 13:17:04,239 INFO [main] org.apache.nifi.bootstrap.Command Apache NiFi is not currently running
2017-10-07 13:17:07,725 INFO [main] o.a.n.b.NotificationServiceManager Successfully loaded the following 0 services: []
2017-10-07 13:17:07,731 INFO [main] org.apache.nifi.bootstrap.RunNiFi Registered no Notification Services for Notification Type NIFI_STARTED
2017-10-07 13:17:07,731 INFO [main] org.apache.nifi.bootstrap.RunNiFi Registered no Notification Services for Notification Type NIFI_STOPPED
2017-10-07 13:17:07,731 INFO [main] org.apache.nifi.bootstrap.RunNiFi Registered no Notification Services for Notification Type NIFI_DIED
2017-10-07 13:17:07,752 INFO [main] org.apache.nifi.bootstrap.Command Starting Apache NiFi...
2017-10-07 13:17:07,752 INFO [main] org.apache.nifi.bootstrap.Command Working Directory: /home/bizruntime/nifi/nifi-1.3.0
2017-10-07 13:17:07,752 INFO [main] org.apache.nifi.bootstrap.Command Command: /usr/lib/jvm/java-8-oracle/bin/java -classpath /home/bizruntime/nifi/nifi-1.3.0/./conf:/home/bizruntime/nifi/nifi-1.3.0/./lib/javax.servlet-api-3.1.0.jar:/home/bizruntime/nifi/nifi-1.3.0/./lib/nifi-framework-api-1.3.0.jar:/home/bizruntime/nifi/nifi-1.3.0/./lib/jcl-over-slf4j-1.7.25.jar:/home/bizruntime/nifi/nifi-1.3.0/./lib/jul-to-slf4j-1.7.25.jar:/home/bizruntime/nifi/nifi-1.3.0/./lib/logback-classic-1.2.3.jar:/home/bizruntime/nifi/nifi-1.3.0/./lib/slf4j-api-1.7.25.jar:/home/bizruntime/nifi/nifi-1.3.0/./lib/nifi-nar-utils-1.3.0.jar:/home/bizruntime/nifi/nifi-1.3.0/./lib/nifi-runtime-1.3.0.jar:/home/bizruntime/nifi/nifi-1.3.0/./lib/logback-core-1.2.3.jar:/home/bizruntime/nifi/nifi-1.3.0/./lib/nifi-properties-1.3.0.jar:/home/bizruntime/nifi/nifi-1.3.0/./lib/log4j-over-slf4j-1.7.25.jar:/home/bizruntime/nifi/nifi-1.3.0/./lib/jetty-schemas-3.1.jar:/home/bizruntime/nifi/nifi-1.3.0/./lib/nifi-api-1.3.0.jar -Dorg.apache.jasper.compiler.disablejsr199=true -Xmx512m -Xms512m -Djava.security.egd=file:/dev/urandom -Dsun.net.http.allowRestrictedHeaders=true -Djava.net.preferIPv4Stack=true -Djava.awt.headless=true -XX:+UseG1GC -Djava.protocol.handler.pkgs=sun.net.www.protocol -Dnifi.properties.file.path=/home/bizruntime/nifi/nifi-1.3.0/./conf/nifi.properties -Dnifi.bootstrap.listen.port=40051 -Dapp=NiFi -Dorg.apache.nifi.bootstrap.config.log.dir=/home/bizruntime/nifi/nifi-1.3.0/logs org.apache.nifi.NiFi 
2017-10-07 13:17:07,779 INFO [main] org.apache.nifi.bootstrap.Command Launched Apache NiFi with Process ID 3241
2017-10-07 13:17:08,490 INFO [NiFi Bootstrap Command Listener] org.apache.nifi.bootstrap.RunNiFi Apache NiFi now running and listening for Bootstrap requests on port 45803
2017-10-07 13:17:36,420 ERROR [NiFi logging handler] org.apache.nifi.StdErr Failed to start web server: Unable to start Flow Controller.
2017-10-07 13:17:36,484 ERROR [NiFi logging handler] org.apache.nifi.StdErr Shutting down...
2017-10-07 13:17:37,807 INFO [main] org.apache.nifi.bootstrap.RunNiFi NiFi never started. Will not restart NiFi
2017-10-07 14:13:49,891 INFO [main] o.a.n.b.NotificationServiceManager Successfully loaded the following 0 services: []
2017-10-07 14:13:49,896 INFO [main] org.apache.nifi.bootstrap.RunNiFi Registered no Notification Services for Notification Type NIFI_STARTED
2017-10-07 14:13:49,896 INFO [main] org.apache.nifi.bootstrap.RunNiFi Registered no Notification Services for Notification Type NIFI_STOPPED
2017-10-07 14:13:49,896 INFO [main] org.apache.nifi.bootstrap.RunNiFi Registered no Notification Services for Notification Type NIFI_DIED
2017-10-07 14:13:50,081 INFO [main] org.apache.nifi.bootstrap.Command Apache NiFi is not currently running
2017-10-07 14:13:53,559 INFO [main] o.a.n.b.NotificationServiceManager Successfully loaded the following 0 services: []
2017-10-07 14:13:53,564 INFO [main] org.apache.nifi.bootstrap.RunNiFi Registered no Notification Services for Notification Type NIFI_STARTED
2017-10-07 14:13:53,564 INFO [main] org.apache.nifi.bootstrap.RunNiFi Registered no Notification Services for Notification Type NIFI_STOPPED
2017-10-07 14:13:53,565 INFO [main] org.apache.nifi.bootstrap.RunNiFi Registered no Notification Services for Notification Type NIFI_DIED
2017-10-07 14:13:53,585 INFO [main] org.apache.nifi.bootstrap.Command Starting Apache NiFi...
2017-10-07 14:13:53,585 INFO [main] org.apache.nifi.bootstrap.Command Working Directory: /home/bizruntime/nifi/nifi-1.3.0
2017-10-07 14:13:53,585 INFO [main] org.apache.nifi.bootstrap.Command Command: /usr/lib/jvm/java-8-oracle/bin/java -classpath /home/bizruntime/nifi/nifi-1.3.0/./conf:/home/bizruntime/nifi/nifi-1.3.0/./lib/javax.servlet-api-3.1.0.jar:/home/bizruntime/nifi/nifi-1.3.0/./lib/nifi-framework-api-1.3.0.jar:/home/bizruntime/nifi/nifi-1.3.0/./lib/jcl-over-slf4j-1.7.25.jar:/home/bizruntime/nifi/nifi-1.3.0/./lib/jul-to-slf4j-1.7.25.jar:/home/bizruntime/nifi/nifi-1.3.0/./lib/logback-classic-1.2.3.jar:/home/bizruntime/nifi/nifi-1.3.0/./lib/slf4j-api-1.7.25.jar:/home/bizruntime/nifi/nifi-1.3.0/./lib/nifi-nar-utils-1.3.0.jar:/home/bizruntime/nifi/nifi-1.3.0/./lib/nifi-runtime-1.3.0.jar:/home/bizruntime/nifi/nifi-1.3.0/./lib/logback-core-1.2.3.jar:/home/bizruntime/nifi/nifi-1.3.0/./lib/nifi-properties-1.3.0.jar:/home/bizruntime/nifi/nifi-1.3.0/./lib/log4j-over-slf4j-1.7.25.jar:/home/bizruntime/nifi/nifi-1.3.0/./lib/jetty-schemas-3.1.jar:/home/bizruntime/nifi/nifi-1.3.0/./lib/nifi-api-1.3.0.jar -Dorg.apache.jasper.compiler.disablejsr199=true -Xmx512m -Xms512m -Djava.security.egd=file:/dev/urandom -Dsun.net.http.allowRestrictedHeaders=true -Djava.net.preferIPv4Stack=true -Djava.awt.headless=true -XX:+UseG1GC -Djava.protocol.handler.pkgs=sun.net.www.protocol -Dnifi.properties.file.path=/home/bizruntime/nifi/nifi-1.3.0/./conf/nifi.properties -Dnifi.bootstrap.listen.port=39706 -Dapp=NiFi -Dorg.apache.nifi.bootstrap.config.log.dir=/home/bizruntime/nifi/nifi-1.3.0/logs org.apache.nifi.NiFi 
2017-10-07 14:13:53,608 INFO [main] org.apache.nifi.bootstrap.Command Launched Apache NiFi with Process ID 3384
2017-10-07 14:13:54,330 INFO [NiFi Bootstrap Command Listener] org.apache.nifi.bootstrap.RunNiFi Apache NiFi now running and listening for Bootstrap requests on port 34360
2017-10-07 14:14:24,688 ERROR [NiFi logging handler] org.apache.nifi.StdErr Failed to start web server: Unable to start Flow Controller.
2017-10-07 14:14:24,922 ERROR [NiFi logging handler] org.apache.nifi.StdErr Shutting down...
2017-10-07 14:14:26,565 INFO [main] org.apache.nifi.bootstrap.RunNiFi NiFi never started. Will not restart NiFi
2017-10-07 14:37:05,883 INFO [main] o.a.n.b.NotificationServiceManager Successfully loaded the following 0 services: []
2017-10-07 14:37:05,889 INFO [main] org.apache.nifi.bootstrap.RunNiFi Registered no Notification Services for Notification Type NIFI_STARTED
2017-10-07 14:37:05,889 INFO [main] org.apache.nifi.bootstrap.RunNiFi Registered no Notification Services for Notification Type NIFI_STOPPED
2017-10-07 14:37:05,889 INFO [main] org.apache.nifi.bootstrap.RunNiFi Registered no Notification Services for Notification Type NIFI_DIED
2017-10-07 14:37:05,943 INFO [main] org.apache.nifi.bootstrap.Command Apache NiFi is not currently running
2017-10-07 14:37:09,411 INFO [main] o.a.n.b.NotificationServiceManager Successfully loaded the following 0 services: []
2017-10-07 14:37:09,413 INFO [main] org.apache.nifi.bootstrap.RunNiFi Registered no Notification Services for Notification Type NIFI_STARTED
2017-10-07 14:37:09,413 INFO [main] org.apache.nifi.bootstrap.RunNiFi Registered no Notification Services for Notification Type NIFI_STOPPED
2017-10-07 14:37:09,413 INFO [main] org.apache.nifi.bootstrap.RunNiFi Registered no Notification Services for Notification Type NIFI_DIED
2017-10-07 14:37:09,448 INFO [main] org.apache.nifi.bootstrap.Command Starting Apache NiFi...
2017-10-07 14:37:09,448 INFO [main] org.apache.nifi.bootstrap.Command Working Directory: /home/bizruntime/nifi/nifi-1.3.0
2017-10-07 14:37:09,448 INFO [main] org.apache.nifi.bootstrap.Command Command: /usr/lib/jvm/java-8-oracle/bin/java -classpath /home/bizruntime/nifi/nifi-1.3.0/./conf:/home/bizruntime/nifi/nifi-1.3.0/./lib/javax.servlet-api-3.1.0.jar:/home/bizruntime/nifi/nifi-1.3.0/./lib/nifi-framework-api-1.3.0.jar:/home/bizruntime/nifi/nifi-1.3.0/./lib/jcl-over-slf4j-1.7.25.jar:/home/bizruntime/nifi/nifi-1.3.0/./lib/jul-to-slf4j-1.7.25.jar:/home/bizruntime/nifi/nifi-1.3.0/./lib/logback-classic-1.2.3.jar:/home/bizruntime/nifi/nifi-1.3.0/./lib/slf4j-api-1.7.25.jar:/home/bizruntime/nifi/nifi-1.3.0/./lib/nifi-nar-utils-1.3.0.jar:/home/bizruntime/nifi/nifi-1.3.0/./lib/nifi-runtime-1.3.0.jar:/home/bizruntime/nifi/nifi-1.3.0/./lib/logback-core-1.2.3.jar:/home/bizruntime/nifi/nifi-1.3.0/./lib/nifi-properties-1.3.0.jar:/home/bizruntime/nifi/nifi-1.3.0/./lib/log4j-over-slf4j-1.7.25.jar:/home/bizruntime/nifi/nifi-1.3.0/./lib/jetty-schemas-3.1.jar:/home/bizruntime/nifi/nifi-1.3.0/./lib/nifi-api-1.3.0.jar -Dorg.apache.jasper.compiler.disablejsr199=true -Xmx512m -Xms512m -Djava.security.egd=file:/dev/urandom -Dsun.net.http.allowRestrictedHeaders=true -Djava.net.preferIPv4Stack=true -Djava.awt.headless=true -XX:+UseG1GC -Djava.protocol.handler.pkgs=sun.net.www.protocol -Dnifi.properties.file.path=/home/bizruntime/nifi/nifi-1.3.0/./conf/nifi.properties -Dnifi.bootstrap.listen.port=34871 -Dapp=NiFi -Dorg.apache.nifi.bootstrap.config.log.dir=/home/bizruntime/nifi/nifi-1.3.0/logs org.apache.nifi.NiFi 
2017-10-07 14:37:09,479 INFO [main] org.apache.nifi.bootstrap.Command Launched Apache NiFi with Process ID 3527
2017-10-07 14:37:10,331 INFO [NiFi Bootstrap Command Listener] org.apache.nifi.bootstrap.RunNiFi Apache NiFi now running and listening for Bootstrap requests on port 43446
2017-10-07 14:49:47,737 INFO [main] o.a.n.b.NotificationServiceManager Successfully loaded the following 0 services: []
2017-10-07 14:49:47,745 INFO [main] org.apache.nifi.bootstrap.RunNiFi Registered no Notification Services for Notification Type NIFI_STARTED
2017-10-07 14:49:47,745 INFO [main] org.apache.nifi.bootstrap.RunNiFi Registered no Notification Services for Notification Type NIFI_STOPPED
2017-10-07 14:49:47,745 INFO [main] org.apache.nifi.bootstrap.RunNiFi Registered no Notification Services for Notification Type NIFI_DIED
2017-10-07 14:49:48,373 INFO [main] org.apache.nifi.bootstrap.Command Apache NiFi has accepted the Shutdown Command and is shutting down now
2017-10-07 14:49:48,397 INFO [main] org.apache.nifi.bootstrap.Command Waiting for Apache NiFi to finish shutting down...
2017-10-07 14:49:49,696 INFO [main] org.apache.nifi.bootstrap.RunNiFi A shutdown was initiated. Will not restart NiFi
2017-10-07 14:49:50,400 INFO [main] org.apache.nifi.bootstrap.Command NiFi has finished shutting down.
2017-10-07 14:49:53,871 INFO [main] o.a.n.b.NotificationServiceManager Successfully loaded the following 0 services: []
2017-10-07 14:49:53,877 INFO [main] org.apache.nifi.bootstrap.RunNiFi Registered no Notification Services for Notification Type NIFI_STARTED
2017-10-07 14:49:53,877 INFO [main] org.apache.nifi.bootstrap.RunNiFi Registered no Notification Services for Notification Type NIFI_STOPPED
2017-10-07 14:49:53,877 INFO [main] org.apache.nifi.bootstrap.RunNiFi Registered no Notification Services for Notification Type NIFI_DIED
2017-10-07 14:49:53,888 INFO [main] org.apache.nifi.bootstrap.Command Starting Apache NiFi...
2017-10-07 14:49:53,888 INFO [main] org.apache.nifi.bootstrap.Command Working Directory: /home/bizruntime/nifi/nifi-1.3.0
2017-10-07 14:49:53,888 INFO [main] org.apache.nifi.bootstrap.Command Command: /usr/lib/jvm/java-8-oracle/bin/java -classpath /home/bizruntime/nifi/nifi-1.3.0/./conf:/home/bizruntime/nifi/nifi-1.3.0/./lib/javax.servlet-api-3.1.0.jar:/home/bizruntime/nifi/nifi-1.3.0/./lib/nifi-framework-api-1.3.0.jar:/home/bizruntime/nifi/nifi-1.3.0/./lib/jcl-over-slf4j-1.7.25.jar:/home/bizruntime/nifi/nifi-1.3.0/./lib/jul-to-slf4j-1.7.25.jar:/home/bizruntime/nifi/nifi-1.3.0/./lib/logback-classic-1.2.3.jar:/home/bizruntime/nifi/nifi-1.3.0/./lib/slf4j-api-1.7.25.jar:/home/bizruntime/nifi/nifi-1.3.0/./lib/nifi-nar-utils-1.3.0.jar:/home/bizruntime/nifi/nifi-1.3.0/./lib/nifi-runtime-1.3.0.jar:/home/bizruntime/nifi/nifi-1.3.0/./lib/logback-core-1.2.3.jar:/home/bizruntime/nifi/nifi-1.3.0/./lib/nifi-properties-1.3.0.jar:/home/bizruntime/nifi/nifi-1.3.0/./lib/log4j-over-slf4j-1.7.25.jar:/home/bizruntime/nifi/nifi-1.3.0/./lib/jetty-schemas-3.1.jar:/home/bizruntime/nifi/nifi-1.3.0/./lib/nifi-api-1.3.0.jar -Dorg.apache.jasper.compiler.disablejsr199=true -Xmx512m -Xms512m -Djava.security.egd=file:/dev/urandom -Dsun.net.http.allowRestrictedHeaders=true -Djava.net.preferIPv4Stack=true -Djava.awt.headless=true -XX:+UseG1GC -Djava.protocol.handler.pkgs=sun.net.www.protocol -Dnifi.properties.file.path=/home/bizruntime/nifi/nifi-1.3.0/./conf/nifi.properties -Dnifi.bootstrap.listen.port=39432 -Dapp=NiFi -Dorg.apache.nifi.bootstrap.config.log.dir=/home/bizruntime/nifi/nifi-1.3.0/logs org.apache.nifi.NiFi 
2017-10-07 14:49:53,927 INFO [main] org.apache.nifi.bootstrap.Command Launched Apache NiFi with Process ID 3715
2017-10-07 14:49:54,787 INFO [NiFi Bootstrap Command Listener] org.apache.nifi.bootstrap.RunNiFi Apache NiFi now running and listening for Bootstrap requests on port 42855
2017-10-07 14:50:26,495 ERROR [NiFi logging handler] org.apache.nifi.StdErr Failed to start web server: Unable to start Flow Controller.
2017-10-07 14:50:26,514 ERROR [NiFi logging handler] org.apache.nifi.StdErr Shutting down...
2017-10-07 14:50:27,934 INFO [main] org.apache.nifi.bootstrap.RunNiFi NiFi never started. Will not restart NiFi
2017-10-07 14:51:27,305 INFO [main] o.a.n.b.NotificationServiceManager Successfully loaded the following 0 services: []
2017-10-07 14:51:27,311 INFO [main] org.apache.nifi.bootstrap.RunNiFi Registered no Notification Services for Notification Type NIFI_STARTED
2017-10-07 14:51:27,327 INFO [main] org.apache.nifi.bootstrap.RunNiFi Registered no Notification Services for Notification Type NIFI_STOPPED
2017-10-07 14:51:27,327 INFO [main] org.apache.nifi.bootstrap.RunNiFi Registered no Notification Services for Notification Type NIFI_DIED
2017-10-07 14:51:27,371 INFO [main] org.apache.nifi.bootstrap.Command Apache NiFi is not currently running
2017-10-07 14:51:30,837 INFO [main] o.a.n.b.NotificationServiceManager Successfully loaded the following 0 services: []
2017-10-07 14:51:30,842 INFO [main] org.apache.nifi.bootstrap.RunNiFi Registered no Notification Services for Notification Type NIFI_STARTED
2017-10-07 14:51:30,842 INFO [main] org.apache.nifi.bootstrap.RunNiFi Registered no Notification Services for Notification Type NIFI_STOPPED
2017-10-07 14:51:30,842 INFO [main] org.apache.nifi.bootstrap.RunNiFi Registered no Notification Services for Notification Type NIFI_DIED
2017-10-07 14:51:30,868 INFO [main] org.apache.nifi.bootstrap.Command Starting Apache NiFi...
2017-10-07 14:51:30,868 INFO [main] org.apache.nifi.bootstrap.Command Working Directory: /home/bizruntime/nifi/nifi-1.3.0
2017-10-07 14:51:30,868 INFO [main] org.apache.nifi.bootstrap.Command Command: /usr/lib/jvm/java-8-oracle/bin/java -classpath /home/bizruntime/nifi/nifi-1.3.0/./conf:/home/bizruntime/nifi/nifi-1.3.0/./lib/javax.servlet-api-3.1.0.jar:/home/bizruntime/nifi/nifi-1.3.0/./lib/nifi-framework-api-1.3.0.jar:/home/bizruntime/nifi/nifi-1.3.0/./lib/jcl-over-slf4j-1.7.25.jar:/home/bizruntime/nifi/nifi-1.3.0/./lib/jul-to-slf4j-1.7.25.jar:/home/bizruntime/nifi/nifi-1.3.0/./lib/logback-classic-1.2.3.jar:/home/bizruntime/nifi/nifi-1.3.0/./lib/slf4j-api-1.7.25.jar:/home/bizruntime/nifi/nifi-1.3.0/./lib/nifi-nar-utils-1.3.0.jar:/home/bizruntime/nifi/nifi-1.3.0/./lib/nifi-runtime-1.3.0.jar:/home/bizruntime/nifi/nifi-1.3.0/./lib/logback-core-1.2.3.jar:/home/bizruntime/nifi/nifi-1.3.0/./lib/nifi-properties-1.3.0.jar:/home/bizruntime/nifi/nifi-1.3.0/./lib/log4j-over-slf4j-1.7.25.jar:/home/bizruntime/nifi/nifi-1.3.0/./lib/jetty-schemas-3.1.jar:/home/bizruntime/nifi/nifi-1.3.0/./lib/nifi-api-1.3.0.jar -Dorg.apache.jasper.compiler.disablejsr199=true -Xmx512m -Xms512m -Djava.security.egd=file:/dev/urandom -Dsun.net.http.allowRestrictedHeaders=true -Djava.net.preferIPv4Stack=true -Djava.awt.headless=true -XX:+UseG1GC -Djava.protocol.handler.pkgs=sun.net.www.protocol -Dnifi.properties.file.path=/home/bizruntime/nifi/nifi-1.3.0/./conf/nifi.properties -Dnifi.bootstrap.listen.port=38952 -Dapp=NiFi -Dorg.apache.nifi.bootstrap.config.log.dir=/home/bizruntime/nifi/nifi-1.3.0/logs org.apache.nifi.NiFi 
2017-10-07 14:51:30,895 INFO [main] org.apache.nifi.bootstrap.Command Launched Apache NiFi with Process ID 3857
2017-10-07 14:51:31,723 INFO [NiFi Bootstrap Command Listener] org.apache.nifi.bootstrap.RunNiFi Apache NiFi now running and listening for Bootstrap requests on port 44284
2017-10-07 14:51:59,319 ERROR [NiFi logging handler] org.apache.nifi.StdErr Failed to start web server: Unable to start Flow Controller.
2017-10-07 14:51:59,396 ERROR [NiFi logging handler] org.apache.nifi.StdErr Shutting down...
2017-10-07 14:51:59,950 INFO [main] org.apache.nifi.bootstrap.RunNiFi NiFi never started. Will not restart NiFi
