2017-10-09 13:40:20,936 INFO [main] o.a.n.b.NotificationServiceManager Successfully loaded the following 0 services: []
2017-10-09 13:40:20,949 INFO [main] org.apache.nifi.bootstrap.RunNiFi Registered no Notification Services for Notification Type NIFI_STARTED
2017-10-09 13:40:20,949 INFO [main] org.apache.nifi.bootstrap.RunNiFi Registered no Notification Services for Notification Type NIFI_STOPPED
2017-10-09 13:40:20,949 INFO [main] org.apache.nifi.bootstrap.RunNiFi Registered no Notification Services for Notification Type NIFI_DIED
2017-10-09 13:40:21,030 INFO [main] org.apache.nifi.bootstrap.Command Starting Apache NiFi...
2017-10-09 13:40:21,030 INFO [main] org.apache.nifi.bootstrap.Command Working Directory: /home/bizruntime/nifi/nifi-1.3.0
2017-10-09 13:40:21,030 INFO [main] org.apache.nifi.bootstrap.Command Command: /usr/lib/jvm/java-8-oracle/bin/java -classpath /home/bizruntime/nifi/nifi-1.3.0/./conf:/home/bizruntime/nifi/nifi-1.3.0/./lib/javax.servlet-api-3.1.0.jar:/home/bizruntime/nifi/nifi-1.3.0/./lib/nifi-framework-api-1.3.0.jar:/home/bizruntime/nifi/nifi-1.3.0/./lib/jcl-over-slf4j-1.7.25.jar:/home/bizruntime/nifi/nifi-1.3.0/./lib/jul-to-slf4j-1.7.25.jar:/home/bizruntime/nifi/nifi-1.3.0/./lib/logback-classic-1.2.3.jar:/home/bizruntime/nifi/nifi-1.3.0/./lib/slf4j-api-1.7.25.jar:/home/bizruntime/nifi/nifi-1.3.0/./lib/nifi-nar-utils-1.3.0.jar:/home/bizruntime/nifi/nifi-1.3.0/./lib/nifi-runtime-1.3.0.jar:/home/bizruntime/nifi/nifi-1.3.0/./lib/logback-core-1.2.3.jar:/home/bizruntime/nifi/nifi-1.3.0/./lib/nifi-properties-1.3.0.jar:/home/bizruntime/nifi/nifi-1.3.0/./lib/log4j-over-slf4j-1.7.25.jar:/home/bizruntime/nifi/nifi-1.3.0/./lib/jetty-schemas-3.1.jar:/home/bizruntime/nifi/nifi-1.3.0/./lib/nifi-api-1.3.0.jar -Dorg.apache.jasper.compiler.disablejsr199=true -Xmx512m -Xms512m -Djava.security.egd=file:/dev/urandom -Dsun.net.http.allowRestrictedHeaders=true -Djava.net.preferIPv4Stack=true -Djava.awt.headless=true -XX:+UseG1GC -Djava.protocol.handler.pkgs=sun.net.www.protocol -Dnifi.properties.file.path=/home/bizruntime/nifi/nifi-1.3.0/./conf/nifi.properties -Dnifi.bootstrap.listen.port=36364 -Dapp=NiFi -Dorg.apache.nifi.bootstrap.config.log.dir=/home/bizruntime/nifi/nifi-1.3.0/logs org.apache.nifi.NiFi 
2017-10-09 13:40:21,072 INFO [main] org.apache.nifi.bootstrap.Command Launched Apache NiFi with Process ID 1182
2017-10-09 13:40:21,921 INFO [NiFi Bootstrap Command Listener] org.apache.nifi.bootstrap.RunNiFi Apache NiFi now running and listening for Bootstrap requests on port 42746
2017-10-09 14:26:54,870 INFO [main] o.a.n.b.NotificationServiceManager Successfully loaded the following 0 services: []
2017-10-09 14:26:54,872 INFO [main] org.apache.nifi.bootstrap.RunNiFi Registered no Notification Services for Notification Type NIFI_STARTED
2017-10-09 14:26:54,872 INFO [main] org.apache.nifi.bootstrap.RunNiFi Registered no Notification Services for Notification Type NIFI_STOPPED
2017-10-09 14:26:54,872 INFO [main] org.apache.nifi.bootstrap.RunNiFi Registered no Notification Services for Notification Type NIFI_DIED
2017-10-09 14:26:56,127 INFO [main] org.apache.nifi.bootstrap.Command Apache NiFi has accepted the Shutdown Command and is shutting down now
2017-10-09 14:26:56,162 INFO [main] org.apache.nifi.bootstrap.Command Waiting for Apache NiFi to finish shutting down...
2017-10-09 14:26:57,398 INFO [main] org.apache.nifi.bootstrap.RunNiFi A shutdown was initiated. Will not restart NiFi
2017-10-09 14:26:58,165 INFO [main] org.apache.nifi.bootstrap.Command NiFi has finished shutting down.
2017-10-09 14:27:01,639 INFO [main] o.a.n.b.NotificationServiceManager Successfully loaded the following 0 services: []
2017-10-09 14:27:01,645 INFO [main] org.apache.nifi.bootstrap.RunNiFi Registered no Notification Services for Notification Type NIFI_STARTED
2017-10-09 14:27:01,645 INFO [main] org.apache.nifi.bootstrap.RunNiFi Registered no Notification Services for Notification Type NIFI_STOPPED
2017-10-09 14:27:01,645 INFO [main] org.apache.nifi.bootstrap.RunNiFi Registered no Notification Services for Notification Type NIFI_DIED
2017-10-09 14:27:01,656 INFO [main] org.apache.nifi.bootstrap.Command Starting Apache NiFi...
2017-10-09 14:27:01,657 INFO [main] org.apache.nifi.bootstrap.Command Working Directory: /home/bizruntime/nifi/nifi-1.3.0
2017-10-09 14:27:01,657 INFO [main] org.apache.nifi.bootstrap.Command Command: /usr/lib/jvm/java-8-oracle/bin/java -classpath /home/bizruntime/nifi/nifi-1.3.0/./conf:/home/bizruntime/nifi/nifi-1.3.0/./lib/javax.servlet-api-3.1.0.jar:/home/bizruntime/nifi/nifi-1.3.0/./lib/nifi-framework-api-1.3.0.jar:/home/bizruntime/nifi/nifi-1.3.0/./lib/jcl-over-slf4j-1.7.25.jar:/home/bizruntime/nifi/nifi-1.3.0/./lib/jul-to-slf4j-1.7.25.jar:/home/bizruntime/nifi/nifi-1.3.0/./lib/logback-classic-1.2.3.jar:/home/bizruntime/nifi/nifi-1.3.0/./lib/slf4j-api-1.7.25.jar:/home/bizruntime/nifi/nifi-1.3.0/./lib/nifi-nar-utils-1.3.0.jar:/home/bizruntime/nifi/nifi-1.3.0/./lib/nifi-runtime-1.3.0.jar:/home/bizruntime/nifi/nifi-1.3.0/./lib/logback-core-1.2.3.jar:/home/bizruntime/nifi/nifi-1.3.0/./lib/nifi-properties-1.3.0.jar:/home/bizruntime/nifi/nifi-1.3.0/./lib/log4j-over-slf4j-1.7.25.jar:/home/bizruntime/nifi/nifi-1.3.0/./lib/jetty-schemas-3.1.jar:/home/bizruntime/nifi/nifi-1.3.0/./lib/nifi-api-1.3.0.jar -Dorg.apache.jasper.compiler.disablejsr199=true -Xmx512m -Xms512m -Djava.security.egd=file:/dev/urandom -Dsun.net.http.allowRestrictedHeaders=true -Djava.net.preferIPv4Stack=true -Djava.awt.headless=true -XX:+UseG1GC -Djava.protocol.handler.pkgs=sun.net.www.protocol -Dnifi.properties.file.path=/home/bizruntime/nifi/nifi-1.3.0/./conf/nifi.properties -Dnifi.bootstrap.listen.port=37180 -Dapp=NiFi -Dorg.apache.nifi.bootstrap.config.log.dir=/home/bizruntime/nifi/nifi-1.3.0/logs org.apache.nifi.NiFi 
2017-10-09 14:27:01,698 INFO [main] org.apache.nifi.bootstrap.Command Launched Apache NiFi with Process ID 2918
2017-10-09 14:27:02,540 INFO [NiFi Bootstrap Command Listener] org.apache.nifi.bootstrap.RunNiFi Apache NiFi now running and listening for Bootstrap requests on port 46092
2017-10-09 14:27:34,791 ERROR [NiFi logging handler] org.apache.nifi.StdErr Failed to start web server: Unable to start Flow Controller.
2017-10-09 14:27:34,791 ERROR [NiFi logging handler] org.apache.nifi.StdErr Shutting down...
2017-10-09 14:27:35,704 INFO [main] org.apache.nifi.bootstrap.RunNiFi NiFi never started. Will not restart NiFi
2017-10-09 14:29:54,818 INFO [main] o.a.n.b.NotificationServiceManager Successfully loaded the following 0 services: []
2017-10-09 14:29:54,828 INFO [main] org.apache.nifi.bootstrap.RunNiFi Registered no Notification Services for Notification Type NIFI_STARTED
2017-10-09 14:29:54,828 INFO [main] org.apache.nifi.bootstrap.RunNiFi Registered no Notification Services for Notification Type NIFI_STOPPED
2017-10-09 14:29:54,828 INFO [main] org.apache.nifi.bootstrap.RunNiFi Registered no Notification Services for Notification Type NIFI_DIED
2017-10-09 14:29:54,894 INFO [main] org.apache.nifi.bootstrap.Command Apache NiFi is not currently running
2017-10-09 14:29:58,362 INFO [main] o.a.n.b.NotificationServiceManager Successfully loaded the following 0 services: []
2017-10-09 14:29:58,367 INFO [main] org.apache.nifi.bootstrap.RunNiFi Registered no Notification Services for Notification Type NIFI_STARTED
2017-10-09 14:29:58,367 INFO [main] org.apache.nifi.bootstrap.RunNiFi Registered no Notification Services for Notification Type NIFI_STOPPED
2017-10-09 14:29:58,367 INFO [main] org.apache.nifi.bootstrap.RunNiFi Registered no Notification Services for Notification Type NIFI_DIED
2017-10-09 14:29:58,393 INFO [main] org.apache.nifi.bootstrap.Command Starting Apache NiFi...
2017-10-09 14:29:58,393 INFO [main] org.apache.nifi.bootstrap.Command Working Directory: /home/bizruntime/nifi/nifi-1.3.0
2017-10-09 14:29:58,393 INFO [main] org.apache.nifi.bootstrap.Command Command: /usr/lib/jvm/java-8-oracle/bin/java -classpath /home/bizruntime/nifi/nifi-1.3.0/./conf:/home/bizruntime/nifi/nifi-1.3.0/./lib/javax.servlet-api-3.1.0.jar:/home/bizruntime/nifi/nifi-1.3.0/./lib/nifi-framework-api-1.3.0.jar:/home/bizruntime/nifi/nifi-1.3.0/./lib/jcl-over-slf4j-1.7.25.jar:/home/bizruntime/nifi/nifi-1.3.0/./lib/jul-to-slf4j-1.7.25.jar:/home/bizruntime/nifi/nifi-1.3.0/./lib/logback-classic-1.2.3.jar:/home/bizruntime/nifi/nifi-1.3.0/./lib/slf4j-api-1.7.25.jar:/home/bizruntime/nifi/nifi-1.3.0/./lib/nifi-nar-utils-1.3.0.jar:/home/bizruntime/nifi/nifi-1.3.0/./lib/nifi-runtime-1.3.0.jar:/home/bizruntime/nifi/nifi-1.3.0/./lib/logback-core-1.2.3.jar:/home/bizruntime/nifi/nifi-1.3.0/./lib/nifi-properties-1.3.0.jar:/home/bizruntime/nifi/nifi-1.3.0/./lib/log4j-over-slf4j-1.7.25.jar:/home/bizruntime/nifi/nifi-1.3.0/./lib/jetty-schemas-3.1.jar:/home/bizruntime/nifi/nifi-1.3.0/./lib/nifi-api-1.3.0.jar -Dorg.apache.jasper.compiler.disablejsr199=true -Xmx512m -Xms512m -Djava.security.egd=file:/dev/urandom -Dsun.net.http.allowRestrictedHeaders=true -Djava.net.preferIPv4Stack=true -Djava.awt.headless=true -XX:+UseG1GC -Djava.protocol.handler.pkgs=sun.net.www.protocol -Dnifi.properties.file.path=/home/bizruntime/nifi/nifi-1.3.0/./conf/nifi.properties -Dnifi.bootstrap.listen.port=44899 -Dapp=NiFi -Dorg.apache.nifi.bootstrap.config.log.dir=/home/bizruntime/nifi/nifi-1.3.0/logs org.apache.nifi.NiFi 
2017-10-09 14:29:58,424 INFO [main] org.apache.nifi.bootstrap.Command Launched Apache NiFi with Process ID 3057
2017-10-09 14:29:59,287 INFO [NiFi Bootstrap Command Listener] org.apache.nifi.bootstrap.RunNiFi Apache NiFi now running and listening for Bootstrap requests on port 45174
2017-10-09 14:30:26,064 ERROR [NiFi logging handler] org.apache.nifi.StdErr Failed to start web server: Unable to start Flow Controller.
2017-10-09 14:30:26,064 ERROR [NiFi logging handler] org.apache.nifi.StdErr Shutting down...
2017-10-09 14:30:27,445 INFO [main] org.apache.nifi.bootstrap.RunNiFi NiFi never started. Will not restart NiFi
2017-10-09 14:31:14,367 INFO [main] o.a.n.b.NotificationServiceManager Successfully loaded the following 0 services: []
2017-10-09 14:31:14,374 INFO [main] org.apache.nifi.bootstrap.RunNiFi Registered no Notification Services for Notification Type NIFI_STARTED
2017-10-09 14:31:14,374 INFO [main] org.apache.nifi.bootstrap.RunNiFi Registered no Notification Services for Notification Type NIFI_STOPPED
2017-10-09 14:31:14,374 INFO [main] org.apache.nifi.bootstrap.RunNiFi Registered no Notification Services for Notification Type NIFI_DIED
2017-10-09 14:31:14,492 INFO [main] org.apache.nifi.bootstrap.Command Apache NiFi is not currently running
2017-10-09 14:31:17,970 INFO [main] o.a.n.b.NotificationServiceManager Successfully loaded the following 0 services: []
2017-10-09 14:31:17,975 INFO [main] org.apache.nifi.bootstrap.RunNiFi Registered no Notification Services for Notification Type NIFI_STARTED
2017-10-09 14:31:17,975 INFO [main] org.apache.nifi.bootstrap.RunNiFi Registered no Notification Services for Notification Type NIFI_STOPPED
2017-10-09 14:31:17,975 INFO [main] org.apache.nifi.bootstrap.RunNiFi Registered no Notification Services for Notification Type NIFI_DIED
2017-10-09 14:31:18,013 INFO [main] org.apache.nifi.bootstrap.Command Starting Apache NiFi...
2017-10-09 14:31:18,014 INFO [main] org.apache.nifi.bootstrap.Command Working Directory: /home/bizruntime/nifi/nifi-1.3.0
2017-10-09 14:31:18,014 INFO [main] org.apache.nifi.bootstrap.Command Command: /usr/lib/jvm/java-8-oracle/bin/java -classpath /home/bizruntime/nifi/nifi-1.3.0/./conf:/home/bizruntime/nifi/nifi-1.3.0/./lib/javax.servlet-api-3.1.0.jar:/home/bizruntime/nifi/nifi-1.3.0/./lib/nifi-framework-api-1.3.0.jar:/home/bizruntime/nifi/nifi-1.3.0/./lib/jcl-over-slf4j-1.7.25.jar:/home/bizruntime/nifi/nifi-1.3.0/./lib/jul-to-slf4j-1.7.25.jar:/home/bizruntime/nifi/nifi-1.3.0/./lib/logback-classic-1.2.3.jar:/home/bizruntime/nifi/nifi-1.3.0/./lib/slf4j-api-1.7.25.jar:/home/bizruntime/nifi/nifi-1.3.0/./lib/nifi-nar-utils-1.3.0.jar:/home/bizruntime/nifi/nifi-1.3.0/./lib/nifi-runtime-1.3.0.jar:/home/bizruntime/nifi/nifi-1.3.0/./lib/logback-core-1.2.3.jar:/home/bizruntime/nifi/nifi-1.3.0/./lib/nifi-properties-1.3.0.jar:/home/bizruntime/nifi/nifi-1.3.0/./lib/log4j-over-slf4j-1.7.25.jar:/home/bizruntime/nifi/nifi-1.3.0/./lib/jetty-schemas-3.1.jar:/home/bizruntime/nifi/nifi-1.3.0/./lib/nifi-api-1.3.0.jar -Dorg.apache.jasper.compiler.disablejsr199=true -Xmx512m -Xms512m -Djava.security.egd=file:/dev/urandom -Dsun.net.http.allowRestrictedHeaders=true -Djava.net.preferIPv4Stack=true -Djava.awt.headless=true -XX:+UseG1GC -Djava.protocol.handler.pkgs=sun.net.www.protocol -Dnifi.properties.file.path=/home/bizruntime/nifi/nifi-1.3.0/./conf/nifi.properties -Dnifi.bootstrap.listen.port=39386 -Dapp=NiFi -Dorg.apache.nifi.bootstrap.config.log.dir=/home/bizruntime/nifi/nifi-1.3.0/logs org.apache.nifi.NiFi 
2017-10-09 14:31:18,050 INFO [main] org.apache.nifi.bootstrap.Command Launched Apache NiFi with Process ID 3191
2017-10-09 14:31:18,932 INFO [NiFi Bootstrap Command Listener] org.apache.nifi.bootstrap.RunNiFi Apache NiFi now running and listening for Bootstrap requests on port 36037
